2025-06-15T08:47:55.543661849Z ==========
2025-06-15T08:47:55.543665639Z == CUDA ==
2025-06-15T08:47:55.543671759Z ==========
2025-06-15T08:47:55.548720383Z CUDA Version 11.8.0
2025-06-15T08:47:55.551092796Z Container image Copyright (c) 2016-2023, NVIDIA CORPORATION & AFFILIATES. All rights reserved.
2025-06-15T08:47:55.554773709Z This container image and its contents are governed by the NVIDIA Deep Learning Container License.
2025-06-15T08:47:55.554776839Z By pulling and using the container, you accept the terms and conditions of this license:
2025-06-15T08:47:55.554779549Z https://developer.nvidia.com/ngc/nvidia-deep-learning-container-license
2025-06-15T08:47:55.554784429Z A copy of this license is made available in this container at /NGC-DL-CONTAINER-LICENSE for your convenience.
2025-06-15T08:47:55.565872419Z === RUNPOD CONTAINER STARTUP ===
2025-06-15T08:47:55.567816460Z Current time: Sun Jun 15 08:47:55 UTC 2025
2025-06-15T08:47:55.568395141Z Working directory: /runpod-volume/ComfyUI
2025-06-15T08:47:55.568410491Z Environment variables:
2025-06-15T08:47:55.568431391Z   RUNPOD_HANDLER_PATH=/runpod-volume/ComfyUI/realism.py
2025-06-15T08:47:55.568439401Z   RUNPOD_HANDLER_NAME=runpod_handler
2025-06-15T08:47:55.568441781Z Directory structure:
2025-06-15T08:47:55.577399899Z total 42523
2025-06-15T08:47:55.577409669Z drwxrwxrwx 27 root root 3003448 Jun 14 13:01 .
2025-06-15T08:47:55.577413079Z drwxrwxrwx  7 root root 3003448 Jun 15 07:47 ..
2025-06-15T08:47:55.577415839Z drwxrwxrwx  5 root root 1000704 Jun  4 08:20 .ci
2025-06-15T08:47:55.577418879Z drwxrwxrwx  8 root root 2006997 Jun 13 13:35 .git
2025-06-15T08:47:55.577421899Z -rw-rw-rw-  1 root root      60 Jun  4 08:20 .gitattributes
2025-06-15T08:47:55.577424679Z drwxrwxrwx  4 root root 1003174 Jun  4 08:20 .github
2025-06-15T08:47:55.577427419Z -rw-rw-rw-  1 root root     382 Jun  4 08:20 .gitignore
2025-06-15T08:47:55.577430129Z drwxrwxrwx  2 root root 1000166 Jun 14 13:06 .ipynb_checkpoints
2025-06-15T08:47:55.577432799Z -rw-rw-rw-  1 root root    1512 Jun  8 12:07 CODEOWNERS
2025-06-15T08:47:55.577435489Z -rw-rw-rw-  1 root root    1882 Jun  4 08:20 CONTRIBUTING.md
2025-06-15T08:47:55.577438219Z -rw-rw-rw-  1 root root   35149 Jun  4 08:20 LICENSE
2025-06-15T08:47:55.577440979Z -rw-rw-rw-  1 root root   25176 Jun  8 12:07 README.md
2025-06-15T08:47:55.577443709Z drwxrwxrwx  2 root root 1045256 Jun 15 07:47 __pycache__
2025-06-15T08:47:55.577446399Z drwxrwxrwx  6 root root 1002206 Jun  4 08:26 api_server
2025-06-15T08:47:55.577449119Z drwxrwxrwx  3 root root 1015762 Jun  8 12:07 app
2025-06-15T08:47:55.577451799Z -rw-rw-rw-  1 root root    2647 Jun 14 13:01 b2_config.py
2025-06-15T08:47:55.577454519Z drwxrwxrwx 14 root root 2001959 Jun  8 12:07 comfy
2025-06-15T08:47:55.577457189Z drwxrwxrwx  6 root root 1006411 Jun  4 08:20 comfy_api
2025-06-15T08:47:55.577459869Z drwxrwxrwx  5 root root 2000180 Jun 13 13:35 comfy_api_nodes
2025-06-15T08:47:55.577462619Z drwxrwxrwx  2 root root 1000597 Jun  8 12:07 comfy_config
2025-06-15T08:47:55.577465289Z drwxrwxrwx  3 root root 1012104 Jun  4 08:26 comfy_execution
2025-06-15T08:47:55.577467959Z drwxrwxrwx  4 root root 2000141 Jun 13 13:35 comfy_extras
2025-06-15T08:47:55.577470659Z -rw-rw-rw-  1 root root     128 Jun 13 13:35 comfyui_version.py
2025-06-15T08:47:55.577473319Z -rw-rw-rw-  1 root root    3533 Jun  4 08:20 cuda_malloc.py
2025-06-15T08:47:55.577475979Z drwxrwxrwx 33 root root 2053838 Jun 14 06:00 custom_nodes
2025-06-15T08:47:55.577478659Z -rw-rw-rw-  1 root root   41525 Jun  4 08:20 execution.py
2025-06-15T08:47:55.577481369Z -rw-rw-rw-  1 root root    1480 Jun  4 08:20 extra_model_paths.yaml.example
2025-06-15T08:47:55.577484249Z -rw-rw-rw-  1 root root   15005 Jun  4 08:20 folder_paths.py
2025-06-15T08:47:55.577486939Z -rw-rw-rw-  1 root root    3078 Jun 14 13:01 handler.py
2025-06-15T08:47:55.577489599Z -rw-rw-rw-  1 root root     366 Jun  4 08:20 hook_breaker_ac10a0.py
2025-06-15T08:47:55.577492319Z drwxrwxrwx  3 root root 2008655 Jun 14 06:18 input
2025-06-15T08:47:55.577494999Z -rw-rw-rw-  1 root root    4349 Jun  4 08:20 latent_preview.py
2025-06-15T08:47:55.577497879Z -rw-rw-rw-  1 root root   11813 Jun  4 08:20 main.py
2025-06-15T08:47:55.577511519Z drwxrwxrwx 28 root root 3002599 Jun  4 19:19 models
2025-06-15T08:47:55.577514419Z -rw-rw-rw-  1 root root    1261 Jun  4 08:20 new_updater.py
2025-06-15T08:47:55.577517619Z -rw-rw-rw-  1 root root    1684 Jun  4 08:20 node_helpers.py
2025-06-15T08:47:55.577520439Z -rw-rw-rw-  1 root root   94800 Jun  8 12:07 nodes.py
2025-06-15T08:47:55.577523099Z drwxrwxrwx  2 root root 1001498 Jun  4 08:20 notebooks
2025-06-15T08:47:55.577525779Z -rw-rw-rw-  1 root root     656 Jun 13 13:35 pyproject.toml
2025-06-15T08:47:55.577528479Z -rw-rw-rw-  1 root root     227 Jun  4 08:20 pytest.ini
2025-06-15T08:47:55.577531189Z -rw-rw-rw-  1 root root   39850 Jun 14 13:01 realism.py
2025-06-15T08:47:55.577533859Z -rw-rw-rw-  1 root root     378 Jun 13 13:35 requirements.txt
2025-06-15T08:47:55.577536529Z -rw-rw-rw-  1 root root    1456 Jun 14 13:01 runpod.json
2025-06-15T08:47:55.577539309Z drwxrwxrwx  2 root root 1001212 Jun  4 08:20 script_examples
2025-06-15T08:47:55.577541999Z -rw-rw-rw-  1 root root   37634 Jun 13 13:35 server.py
2025-06-15T08:47:55.577544649Z -rwxrwxrwx  1 root root    1706 Jun 14 13:01 start.sh
2025-06-15T08:47:55.577547419Z drwxrwxrwx  2 root root 2007354 Jun 14 06:25 temp
2025-06-15T08:47:55.577551089Z drwxrwxrwx  4 root root 1008478 Jun  4 08:20 tests
2025-06-15T08:47:55.577553789Z drwxrwxrwx 12 root root 1007789 Jun  8 12:07 tests-unit
2025-06-15T08:47:55.577556489Z drwxrwxrwx  3 root root 2000802 Jun 14 06:17 user
2025-06-15T08:47:55.577559739Z drwxrwxrwx  3 root root 1000786 Jun  4 08:25 utils
2025-06-15T08:47:55.577562619Z drwxrwxrwx  7 root root 3000771 Jun 13 13:18 venv
2025-06-15T08:47:55.577565329Z drwxrwxrwx  3 root root 1005272 Jun  4 08:56 web
2025-06-15T08:47:55.577569659Z Handler file verification:
2025-06-15T08:47:55.579378121Z -rw-rw-rw- 1 root root 39850 Jun 14 13:01 /runpod-volume/ComfyUI/realism.py
2025-06-15T08:47:55.579569721Z Python import test:
2025-06-15T08:47:56.157185678Z A module that was compiled using NumPy 1.x cannot be run in
2025-06-15T08:47:56.157189478Z NumPy 2.2.6 as it may crash. To support both 1.x and 2.x
2025-06-15T08:47:56.157192488Z versions of NumPy, modules must be compiled with NumPy 2.0.
2025-06-15T08:47:56.157195348Z Some module may need to rebuild instead e.g. with 'pybind11>=2.12'.
2025-06-15T08:47:56.157201968Z If you are a user of the module, the easiest solution will be to
2025-06-15T08:47:56.157204848Z downgrade to 'numpy<2' or try to upgrade the affected module.
2025-06-15T08:47:56.157207668Z We expect that some modules will need time to support NumPy 2.
2025-06-15T08:47:56.157213238Z Traceback (most recent call last):  File "<string>", line 1, in <module>
2025-06-15T08:47:56.157216108Z   File "/runpod-volume/ComfyUI/realism.py", line 9, in <module>
2025-06-15T08:47:56.157219068Z     import torch
2025-06-15T08:47:56.157222228Z   File "/usr/local/lib/python3.10/dist-packages/torch/__init__.py", line 1382, in <module>
2025-06-15T08:47:56.157225328Z     from .functional import *  # noqa: F403
2025-06-15T08:47:56.157228418Z   File "/usr/local/lib/python3.10/dist-packages/torch/functional.py", line 7, in <module>
2025-06-15T08:47:56.157231238Z     import torch.nn.functional as F
2025-06-15T08:47:56.157234068Z   File "/usr/local/lib/python3.10/dist-packages/torch/nn/__init__.py", line 1, in <module>
2025-06-15T08:47:56.157236888Z     from .modules import *  # noqa: F403
2025-06-15T08:47:56.157239758Z   File "/usr/local/lib/python3.10/dist-packages/torch/nn/modules/__init__.py", line 35, in <module>
2025-06-15T08:47:56.157242938Z     from .transformer import TransformerEncoder, TransformerDecoder, \
2025-06-15T08:47:56.157245818Z   File "/usr/local/lib/python3.10/dist-packages/torch/nn/modules/transformer.py", line 20, in <module>
2025-06-15T08:47:56.157248658Z     device: torch.device = torch.device(torch._C._get_default_device()),  # torch.device('cpu'),
2025-06-15T08:47:56.157251568Z /usr/local/lib/python3.10/dist-packages/torch/nn/modules/transformer.py:20: UserWarning: Failed to initialize NumPy: _ARRAY_API not found (Triggered internally at ../torch/csrc/utils/tensor_numpy.cpp:84.)
2025-06-15T08:47:56.157266098Z   device: torch.device = torch.device(torch._C._get_default_device()),  # torch.device('cpu'),
2025-06-15T08:47:56.865224721Z [2025-06-15 08:47:56] Paths configured: RUNPOD_VOLUME=/runpod-volume, COMFYUI_PATH=/runpod-volume/ComfyUI
2025-06-15T08:47:56.866470762Z [2025-06-15 08:47:56] Created directories: TEMP_DIR=/runpod-volume/tmp, OUTPUT_DIR=/runpod-volume/outputs
2025-06-15T08:47:56.866483102Z [2025-06-15 08:47:56] ComfyUI found at /runpod-volume/ComfyUI
2025-06-15T08:47:56.868381654Z ComfyUI found: /runpod-volume/ComfyUI
2025-06-15T08:47:56.868407354Z '/runpod-volume/ComfyUI' added to sys.path
2025-06-15T08:47:57.615540652Z Failed to execute startup-script: /runpod-volume/ComfyUI/custom_nodes/ComfyUI-Manager/prestartup_script.py / module '__main__' has no attribute '__file__'
2025-06-15T08:47:57.616202872Z Prestartup times for custom nodes:
2025-06-15T08:47:57.616206343Z    0.0 seconds: /runpod-volume/ComfyUI/custom_nodes/rgthree-comfy
2025-06-15T08:47:57.616209112Z    0.0 seconds: /runpod-volume/ComfyUI/custom_nodes/comfyui-easy-use
2025-06-15T08:47:57.616211532Z    0.7 seconds (PRESTARTUP FAILED): /runpod-volume/ComfyUI/custom_nodes/ComfyUI-Manager
2025-06-15T08:47:57.634968659Z Warning, you are using an old pytorch version and some ckpt/pt files might be loaded unsafely. Upgrading to 2.4 or above is recommended.
2025-06-15T08:47:57.801214698Z Total VRAM 24210 MB, total RAM 515602 MB
2025-06-15T08:47:57.801240088Z pytorch version: 2.1.0+cu118
2025-06-15T08:47:57.805210852Z Set vram state to: NORMAL_VRAM
2025-06-15T08:47:57.805358552Z Device: cuda:0 NVIDIA GeForce RTX 4090 : native
2025-06-15T08:47:58.579472244Z Using pytorch attention
2025-06-15T08:47:59.782147020Z [START] Security scan
2025-06-15T08:47:59.782175329Z [DONE] Security scan
2025-06-15T08:47:59.782177889Z Could not import load_extra_path_config from main.py. Looking in utils.extra_config instead.
2025-06-15T08:47:59.782180340Z Could not find the extra_model_paths config file.
2025-06-15T08:47:59.782182569Z âœ… Handler imported: True
2025-06-15T08:48:00.243163072Z === STARTING RUNPOD SERVERLESS ===
2025-06-15T08:48:00.243782072Z Verifying RunPod SDK...
2025-06-15T08:48:02.200491462Z RunPod version: 1.7.11
2025-06-15T08:48:02.313106593Z Starting serverless handler with direct import...
2025-06-15T08:48:04.764343035Z A module that was compiled using NumPy 1.x cannot be run in
2025-06-15T08:48:04.764346315Z NumPy 2.2.6 as it may crash. To support both 1.x and 2.x
2025-06-15T08:48:04.764348645Z versions of NumPy, modules must be compiled with NumPy 2.0.
2025-06-15T08:48:04.764350865Z Some module may need to rebuild instead e.g. with 'pybind11>=2.12'.
2025-06-15T08:48:04.764355685Z If you are a user of the module, the easiest solution will be to
2025-06-15T08:48:04.764358195Z downgrade to 'numpy<2' or try to upgrade the affected module.
2025-06-15T08:48:04.764362735Z We expect that some modules will need time to support NumPy 2.
2025-06-15T08:48:04.764367165Z Traceback (most recent call last):  File "<string>", line 1, in <module>
2025-06-15T08:48:04.764369385Z   File "/runpod-volume/ComfyUI/realism.py", line 9, in <module>
2025-06-15T08:48:04.764371655Z     import torch
2025-06-15T08:48:04.764373965Z   File "/usr/local/lib/python3.10/dist-packages/torch/__init__.py", line 1382, in <module>
2025-06-15T08:48:04.764376505Z     from .functional import *  # noqa: F403
2025-06-15T08:48:04.764379095Z   File "/usr/local/lib/python3.10/dist-packages/torch/functional.py", line 7, in <module>
2025-06-15T08:48:04.764381255Z     import torch.nn.functional as F
2025-06-15T08:48:04.764383445Z   File "/usr/local/lib/python3.10/dist-packages/torch/nn/__init__.py", line 1, in <module>
2025-06-15T08:48:04.764385635Z     from .modules import *  # noqa: F403
2025-06-15T08:48:04.764387865Z   File "/usr/local/lib/python3.10/dist-packages/torch/nn/modules/__init__.py", line 35, in <module>
2025-06-15T08:48:04.764390335Z     from .transformer import TransformerEncoder, TransformerDecoder, \
2025-06-15T08:48:04.764392545Z   File "/usr/local/lib/python3.10/dist-packages/torch/nn/modules/transformer.py", line 20, in <module>
2025-06-15T08:48:04.764405505Z     device: torch.device = torch.device(torch._C._get_default_device()),  # torch.device('cpu'),
2025-06-15T08:48:04.764411705Z /usr/local/lib/python3.10/dist-packages/torch/nn/modules/transformer.py:20: UserWarning: Failed to initialize NumPy: _ARRAY_API not found (Triggered internally at ../torch/csrc/utils/tensor_numpy.cpp:84.)
2025-06-15T08:48:04.764414425Z   device: torch.device = torch.device(torch._C._get_default_device()),  # torch.device('cpu'),
2025-06-15T08:48:05.473176229Z [2025-06-15 08:48:05] Paths configured: RUNPOD_VOLUME=/runpod-volume, COMFYUI_PATH=/runpod-volume/ComfyUI
2025-06-15T08:48:05.473986120Z [2025-06-15 08:48:05] Created directories: TEMP_DIR=/runpod-volume/tmp, OUTPUT_DIR=/runpod-volume/outputs
2025-06-15T08:48:05.474014200Z [2025-06-15 08:48:05] ComfyUI found at /runpod-volume/ComfyUI
2025-06-15T08:48:05.475221811Z ComfyUI found: /runpod-volume/ComfyUI
2025-06-15T08:48:05.475232271Z '/runpod-volume/ComfyUI' added to sys.path
2025-06-15T08:48:06.105769865Z main.py             :67   2025-06-15 08:48:06,105 Failed to execute startup-script: /runpod-volume/ComfyUI/custom_nodes/ComfyUI-Manager/prestartup_script.py / module '__main__' has no attribute '__file__'
2025-06-15T08:48:06.105798265Z Failed to execute startup-script: /runpod-volume/ComfyUI/custom_nodes/ComfyUI-Manager/prestartup_script.py / module '__main__' has no attribute '__file__'
2025-06-15T08:48:06.106438315Z main.py             :89   2025-06-15 08:48:06,106
2025-06-15T08:48:06.106445655Z Prestartup times for custom nodes:
2025-06-15T08:48:06.106451955Z Prestartup times for custom nodes:
2025-06-15T08:48:06.106454425Z main.py             :95   2025-06-15 08:48:06,106    0.0 seconds: /runpod-volume/ComfyUI/custom_nodes/rgthree-comfy
2025-06-15T08:48:06.106457175Z    0.0 seconds: /runpod-volume/ComfyUI/custom_nodes/rgthree-comfy
2025-06-15T08:48:06.106475465Z main.py             :95   2025-06-15 08:48:06,106    0.0 seconds: /runpod-volume/ComfyUI/custom_nodes/comfyui-easy-use
2025-06-15T08:48:06.106483516Z    0.0 seconds: /runpod-volume/ComfyUI/custom_nodes/comfyui-easy-use
2025-06-15T08:48:06.106494605Z main.py             :95   2025-06-15 08:48:06,106    0.6 seconds (PRESTARTUP FAILED): /runpod-volume/ComfyUI/custom_nodes/ComfyUI-Manager
2025-06-15T08:48:06.106498145Z    0.6 seconds (PRESTARTUP FAILED): /runpod-volume/ComfyUI/custom_nodes/ComfyUI-Manager
2025-06-15T08:48:06.106527425Z main.py             :96   2025-06-15 08:48:06,106
2025-06-15T08:48:06.124207521Z utils.py            :50   2025-06-15 08:48:06,124 Warning, you are using an old pytorch version and some ckpt/pt files might be loaded unsafely. Upgrading to 2.4 or above is recommended.
2025-06-15T08:48:06.124220651Z Warning, you are using an old pytorch version and some ckpt/pt files might be loaded unsafely. Upgrading to 2.4 or above is recommended.
2025-06-15T08:48:06.277304348Z model_management.py :223  2025-06-15 08:48:06,277 Total VRAM 24210 MB, total RAM 515602 MB
2025-06-15T08:48:06.277328408Z Total VRAM 24210 MB, total RAM 515602 MB
2025-06-15T08:48:06.277333878Z model_management.py :226  2025-06-15 08:48:06,277 pytorch version: 2.1.0+cu118
2025-06-15T08:48:06.277336838Z pytorch version: 2.1.0+cu118
2025-06-15T08:48:06.278529329Z model_management.py :360  2025-06-15 08:48:06,278 Set vram state to: NORMAL_VRAM
2025-06-15T08:48:06.278542289Z Set vram state to: NORMAL_VRAM
2025-06-15T08:48:06.278610289Z model_management.py :387  2025-06-15 08:48:06,278 Device: cuda:0 NVIDIA GeForce RTX 4090 : native
2025-06-15T08:48:06.278613989Z Device: cuda:0 NVIDIA GeForce RTX 4090 : native
2025-06-15T08:48:07.067629275Z attention.py        :588  2025-06-15 08:48:07,067 Using pytorch attention
2025-06-15T08:48:07.067657375Z Using pytorch attention
2025-06-15T08:48:08.222851438Z [START] Security scan
2025-06-15T08:48:08.222876748Z [DONE] Security scan
2025-06-15T08:48:08.222880028Z Could not import load_extra_path_config from main.py. Looking in utils.extra_config instead.
2025-06-15T08:48:08.222882948Z Could not find the extra_model_paths config file.
2025-06-15T08:48:08.222885788Z Handler imported successfully
2025-06-15T08:48:08.222898908Z --- Starting Serverless Worker |  Version 1.7.11 ---
2025-06-15T08:48:08.565297244Z {"requestId": null, "message": "Jobs in queue: 1", "level": "INFO"}
2025-06-15T08:48:08.565317244Z {"requestId": null, "message": "Jobs in progress: 1", "level": "INFO"}
2025-06-15T08:48:08.566458775Z {"requestId": "cb238fad-e11d-4d17-a961-63903b82b43f-e1", "message": "Started.", "level": "INFO"}
2025-06-15T08:48:08.573160631Z frontend_management.py:66   2025-06-15 08:48:08,572 ComfyUI frontend version: 1.21.7
2025-06-15T08:48:08.573171911Z ComfyUI frontend version: 1.21.7
2025-06-15T08:48:08.574758003Z server.py           :186  2025-06-15 08:48:08,574 [Prompt Server] web root: /usr/local/lib/python3.10/dist-packages/comfyui_frontend_package/static
2025-06-15T08:48:08.574768113Z [Prompt Server] web root: /usr/local/lib/python3.10/dist-packages/comfyui_frontend_package/static
2025-06-15T08:48:09.557779282Z nodes.py            :2145 2025-06-15 08:48:09,557 Traceback (most recent call last):
2025-06-15T08:48:09.557811052Z   File "/runpod-volume/ComfyUI/nodes.py", line 2124, in load_custom_node
2025-06-15T08:48:09.557815272Z     module_spec.loader.exec_module(module)
2025-06-15T08:48:09.557819112Z   File "<frozen importlib._bootstrap_external>", line 883, in exec_module
2025-06-15T08:48:09.557821692Z   File "<frozen importlib._bootstrap>", line 241, in _call_with_frames_removed
2025-06-15T08:48:09.557824222Z   File "/runpod-volume/ComfyUI/custom_nodes/ComfyUI_LayerStyle/__init__.py", line 35, in <module>
2025-06-15T08:48:09.557827872Z     imported_module = importlib.import_module(".py.{}".format(name), __name__)
2025-06-15T08:48:09.557830372Z   File "/usr/lib/python3.10/importlib/__init__.py", line 126, in import_module
2025-06-15T08:48:09.557832752Z     return _bootstrap._gcd_import(name[level:], package, level)
2025-06-15T08:48:09.557836312Z   File "<frozen importlib._bootstrap>", line 1050, in _gcd_import
2025-06-15T08:48:09.557838712Z   File "<frozen importlib._bootstrap>", line 1027, in _find_and_load
2025-06-15T08:48:09.557841192Z   File "<frozen importlib._bootstrap>", line 1006, in _find_and_load_unlocked
2025-06-15T08:48:09.557843582Z   File "<frozen importlib._bootstrap>", line 688, in _load_unlocked
2025-06-15T08:48:09.557846002Z   File "<frozen importlib._bootstrap_external>", line 883, in exec_module
2025-06-15T08:48:09.557848422Z   File "<frozen importlib._bootstrap>", line 241, in _call_with_frames_removed
2025-06-15T08:48:09.557850812Z   File "/runpod-volume/ComfyUI/custom_nodes/ComfyUI_LayerStyle/py/xy2percent.py", line 2, in <module>
2025-06-15T08:48:09.557853232Z     from .imagefunc import tensor2pil
2025-06-15T08:48:09.557855662Z   File "/runpod-volume/ComfyUI/custom_nodes/ComfyUI_LayerStyle/py/imagefunc.py", line 22, in <module>
2025-06-15T08:48:09.557858102Z     import cv2
2025-06-15T08:48:09.557860802Z ModuleNotFoundError: No module named 'cv2'
2025-06-15T08:48:09.557865672Z Traceback (most recent call last):
2025-06-15T08:48:09.557868112Z   File "/runpod-volume/ComfyUI/nodes.py", line 2124, in load_custom_node
2025-06-15T08:48:09.557870512Z     module_spec.loader.exec_module(module)
2025-06-15T08:48:09.557872962Z   File "<frozen importlib._bootstrap_external>", line 883, in exec_module
2025-06-15T08:48:09.557875372Z   File "<frozen importlib._bootstrap>", line 241, in _call_with_frames_removed
2025-06-15T08:48:09.557877782Z   File "/runpod-volume/ComfyUI/custom_nodes/ComfyUI_LayerStyle/__init__.py", line 35, in <module>
2025-06-15T08:48:09.557880272Z     imported_module = importlib.import_module(".py.{}".format(name), __name__)
2025-06-15T08:48:09.557882682Z   File "/usr/lib/python3.10/importlib/__init__.py", line 126, in import_module
2025-06-15T08:48:09.557885062Z     return _bootstrap._gcd_import(name[level:], package, level)
2025-06-15T08:48:09.557888662Z   File "<frozen importlib._bootstrap>", line 1050, in _gcd_import
2025-06-15T08:48:09.557891152Z   File "<frozen importlib._bootstrap>", line 1027, in _find_and_load
2025-06-15T08:48:09.557893512Z   File "<frozen importlib._bootstrap>", line 1006, in _find_and_load_unlocked
2025-06-15T08:48:09.557895882Z   File "<frozen importlib._bootstrap>", line 688, in _load_unlocked
2025-06-15T08:48:09.557907462Z   File "<frozen importlib._bootstrap_external>", line 883, in exec_module
2025-06-15T08:48:09.557910102Z   File "<frozen importlib._bootstrap>", line 241, in _call_with_frames_removed
2025-06-15T08:48:09.557912522Z   File "/runpod-volume/ComfyUI/custom_nodes/ComfyUI_LayerStyle/py/xy2percent.py", line 2, in <module>
2025-06-15T08:48:09.557914952Z     from .imagefunc import tensor2pil
2025-06-15T08:48:09.557917352Z   File "/runpod-volume/ComfyUI/custom_nodes/ComfyUI_LayerStyle/py/imagefunc.py", line 22, in <module>
2025-06-15T08:48:09.557919742Z     import cv2
2025-06-15T08:48:09.557922142Z ModuleNotFoundError: No module named 'cv2'
2025-06-15T08:48:09.557926942Z nodes.py            :2146 2025-06-15 08:48:09,557 Cannot import /runpod-volume/ComfyUI/custom_nodes/ComfyUI_LayerStyle module for custom nodes: No module named 'cv2'
2025-06-15T08:48:09.557930782Z Cannot import /runpod-volume/ComfyUI/custom_nodes/ComfyUI_LayerStyle module for custom nodes: No module named 'cv2'
2025-06-15T08:48:09.577364919Z nodes.py            :2145 2025-06-15 08:48:09,577 Traceback (most recent call last):
2025-06-15T08:48:09.577391549Z   File "/runpod-volume/ComfyUI/nodes.py", line 2124, in load_custom_node
2025-06-15T08:48:09.577394939Z     module_spec.loader.exec_module(module)
2025-06-15T08:48:09.577397919Z   File "<frozen importlib._bootstrap_external>", line 883, in exec_module
2025-06-15T08:48:09.577400719Z   File "<frozen importlib._bootstrap>", line 241, in _call_with_frames_removed
2025-06-15T08:48:09.577403559Z   File "/runpod-volume/ComfyUI/custom_nodes/ComfyUI_LayerStyle_Advance/__init__.py", line 35, in <module>
2025-06-15T08:48:09.577406609Z     imported_module = importlib.import_module(".py.{}".format(name), __name__)
2025-06-15T08:48:09.577409100Z   File "/usr/lib/python3.10/importlib/__init__.py", line 126, in import_module
2025-06-15T08:48:09.577411520Z     return _bootstrap._gcd_import(name[level:], package, level)
2025-06-15T08:48:09.577414320Z   File "<frozen importlib._bootstrap>", line 1050, in _gcd_import
2025-06-15T08:48:09.577416740Z   File "<frozen importlib._bootstrap>", line 1027, in _find_and_load
2025-06-15T08:48:09.577419189Z   File "<frozen importlib._bootstrap>", line 1006, in _find_and_load_unlocked
2025-06-15T08:48:09.577421609Z   File "<frozen importlib._bootstrap>", line 688, in _load_unlocked
2025-06-15T08:48:09.577424109Z   File "<frozen importlib._bootstrap_external>", line 883, in exec_module
2025-06-15T08:48:09.577426769Z   File "<frozen importlib._bootstrap>", line 241, in _call_with_frames_removed
2025-06-15T08:48:09.577429160Z   File "/runpod-volume/ComfyUI/custom_nodes/ComfyUI_LayerStyle_Advance/py/zhipu_glm4.py", line 9, in <module>
2025-06-15T08:48:09.577432100Z     from .imagefunc import log, tensor2pil, get_api_key
2025-06-15T08:48:09.577434529Z   File "/runpod-volume/ComfyUI/custom_nodes/ComfyUI_LayerStyle_Advance/py/imagefunc.py", line 22, in <module>
2025-06-15T08:48:09.577436949Z     import cv2
2025-06-15T08:48:09.577439549Z ModuleNotFoundError: No module named 'cv2'
2025-06-15T08:48:09.577444349Z Traceback (most recent call last):
2025-06-15T08:48:09.577446820Z   File "/runpod-volume/ComfyUI/nodes.py", line 2124, in load_custom_node
2025-06-15T08:48:09.577449240Z     module_spec.loader.exec_module(module)
2025-06-15T08:48:09.577451669Z   File "<frozen importlib._bootstrap_external>", line 883, in exec_module
2025-06-15T08:48:09.577454080Z   File "<frozen importlib._bootstrap>", line 241, in _call_with_frames_removed
2025-06-15T08:48:09.577456480Z   File "/runpod-volume/ComfyUI/custom_nodes/ComfyUI_LayerStyle_Advance/__init__.py", line 35, in <module>
2025-06-15T08:48:09.577458929Z     imported_module = importlib.import_module(".py.{}".format(name), __name__)
2025-06-15T08:48:09.577461320Z   File "/usr/lib/python3.10/importlib/__init__.py", line 126, in import_module
2025-06-15T08:48:09.577465109Z     return _bootstrap._gcd_import(name[level:], package, level)
2025-06-15T08:48:09.577467660Z   File "<frozen importlib._bootstrap>", line 1050, in _gcd_import
2025-06-15T08:48:09.577470069Z   File "<frozen importlib._bootstrap>", line 1027, in _find_and_load
2025-06-15T08:48:09.577484549Z   File "<frozen importlib._bootstrap>", line 1006, in _find_and_load_unlocked
2025-06-15T08:48:09.577487200Z   File "<frozen importlib._bootstrap>", line 688, in _load_unlocked
2025-06-15T08:48:09.577489569Z   File "<frozen importlib._bootstrap_external>", line 883, in exec_module
2025-06-15T08:48:09.577492040Z   File "<frozen importlib._bootstrap>", line 241, in _call_with_frames_removed
2025-06-15T08:48:09.577494420Z   File "/runpod-volume/ComfyUI/custom_nodes/ComfyUI_LayerStyle_Advance/py/zhipu_glm4.py", line 9, in <module>
2025-06-15T08:48:09.577496869Z     from .imagefunc import log, tensor2pil, get_api_key
2025-06-15T08:48:09.577499300Z   File "/runpod-volume/ComfyUI/custom_nodes/ComfyUI_LayerStyle_Advance/py/imagefunc.py", line 22, in <module>
2025-06-15T08:48:09.577501760Z     import cv2
2025-06-15T08:48:09.577504140Z ModuleNotFoundError: No module named 'cv2'
2025-06-15T08:48:09.577509000Z nodes.py            :2146 2025-06-15 08:48:09,577 Cannot import /runpod-volume/ComfyUI/custom_nodes/ComfyUI_LayerStyle_Advance module for custom nodes: No module named 'cv2'
2025-06-15T08:48:09.577511849Z Cannot import /runpod-volume/ComfyUI/custom_nodes/ComfyUI_LayerStyle_Advance module for custom nodes: No module named 'cv2'
2025-06-15T08:48:15.357826019Z [2025-06-15 08:48:08] RunPod handler received event: {"delayTime": 15240, "id": "cb238fad-e11d-4d17-a961-63903b82b43f-e1", "input": {"image_id": "3XYW7936QW7G6EKG1YAH4EK930.jpeg"}, "status": "IN_QUEUE"}
2025-06-15T08:48:15.357865149Z [2025-06-15 08:48:08] Processing image_id: 3XYW7936QW7G6EKG1YAH4EK930.jpeg
2025-06-15T08:48:15.357870699Z [2025-06-15 08:48:08] Using parameters: {'detail_amount': 0.7, 'denoise_strength': 0.3, 'cfg_scale': 6, 'upscale_factor': 2.0, 'skin_retouching': 0.2, 'seed': None}
2025-06-15T08:48:15.357875509Z [2025-06-15 08:48:08] Setting up RunPod environment
2025-06-15T08:48:15.357879479Z [2025-06-15 08:48:08] Added ComfyUI path to sys.path: /runpod-volume/ComfyUI
2025-06-15T08:48:15.357883659Z [2025-06-15 08:48:08] Changed working directory to: /runpod-volume/ComfyUI
2025-06-15T08:48:15.357887519Z [2025-06-15 08:48:08] No extra_model_paths.yaml found at /runpod-volume/ComfyUI/extra_model_paths.yaml
2025-06-15T08:48:15.357891589Z [2025-06-15 08:48:08] Importing custom nodes
2025-06-15T08:48:15.357895509Z [2025-06-15 08:48:08] Created new asyncio event loop
2025-06-15T08:48:15.357899279Z [2025-06-15 08:48:08] Created PromptServer instance
2025-06-15T08:48:15.357903029Z Installing piexif...
2025-06-15T08:48:15.357906999Z Collecting piexif
2025-06-15T08:48:15.357910829Z   Downloading piexif-1.1.3-py2.py3-none-any.whl.metadata (3.7 kB)
2025-06-15T08:48:15.357914689Z Downloading piexif-1.1.3-py2.py3-none-any.whl (20 kB)
2025-06-15T08:48:15.357918449Z Installing collected packages: piexif
2025-06-15T08:48:15.357922209Z Successfully installed piexif-1.1.3
2025-06-15T08:48:15.357925969Z Successfully installed piexif
2025-06-15T08:48:15.357930049Z Installing chardet...
2025-06-15T08:48:15.357933799Z Collecting chardet
2025-06-15T08:48:15.357937579Z   Downloading chardet-5.2.0-py3-none-any.whl.metadata (3.4 kB)
2025-06-15T08:48:15.357941389Z Downloading chardet-5.2.0-py3-none-any.whl (199 kB)
2025-06-15T08:48:15.357945579Z Installing collected packages: chardet
2025-06-15T08:48:15.357949309Z Successfully installed chardet-5.2.0
2025-06-15T08:48:15.357953029Z Successfully installed chardet
2025-06-15T08:48:15.357956829Z Installing dghs-imgutils[gpu]...
2025-06-15T08:48:15.357960779Z Collecting dghs-imgutils[gpu]
2025-06-15T08:48:15.357993539Z   Downloading dghs_imgutils-0.17.0-py3-none-any.whl.metadata (19 kB)
2025-06-15T08:48:15.357997769Z Collecting hbutils>=0.9.0 (from dghs-imgutils[gpu])
2025-06-15T08:48:15.358001479Z   Downloading hbutils-0.11.0-py3-none-any.whl.metadata (8.3 kB)
2025-06-15T08:48:15.358005349Z Requirement already satisfied: pillow in /usr/local/lib/python3.10/dist-packages (from dghs-imgutils[gpu]) (9.3.0)
2025-06-15T08:48:15.358009439Z Collecting numpy<2 (from dghs-imgutils[gpu])
2025-06-15T08:48:15.358013199Z   Downloading numpy-1.26.4-cp310-cp310-manylinux_2_17_x86_64.manylinux2014_x86_64.whl.metadata (61 kB)
2025-06-15T08:48:15.358016889Z Collecting scikit-learn (from dghs-imgutils[gpu])
2025-06-15T08:48:15.358045949Z   Downloading scikit_learn-1.7.0-cp310-cp310-manylinux_2_17_x86_64.manylinux2014_x86_64.whl.metadata (17 kB)
2025-06-15T08:48:15.358055889Z Requirement already satisfied: huggingface-hub in /usr/local/lib/python3.10/dist-packages (from dghs-imgutils[gpu]) (0.33.0)
2025-06-15T08:48:15.358060029Z Requirement already satisfied: tqdm in /usr/local/lib/python3.10/dist-packages (from dghs-imgutils[gpu]) (4.67.1)
2025-06-15T08:48:15.358065589Z Collecting opencv-contrib-python (from dghs-imgutils[gpu])
2025-06-15T08:48:15.358077519Z   Downloading opencv_contrib_python-4.11.0.86-cp37-abi3-manylinux_2_17_x86_64.manylinux2014_x86_64.whl.metadata (20 kB)
2025-06-15T08:48:15.358085019Z Collecting pandas (from dghs-imgutils[gpu])
2025-06-15T08:48:15.358094999Z   Downloading pandas-2.3.0-cp310-cp310-manylinux_2_17_x86_64.manylinux2014_x86_64.whl.metadata (91 kB)
2025-06-15T08:48:15.358099079Z Requirement already satisfied: scipy in /usr/local/lib/python3.10/dist-packages (from dghs-imgutils[gpu]) (1.15.3)
2025-06-15T08:48:15.358105769Z Collecting emoji<2.12,>=2.5.0 (from dghs-imgutils[gpu])
2025-06-15T08:48:15.358116729Z   Downloading emoji-2.11.1-py2.py3-none-any.whl.metadata (5.3 kB)
2025-06-15T08:48:15.358122609Z Collecting pilmoji>=1.3.0 (from dghs-imgutils[gpu])
2025-06-15T08:48:15.358132779Z   Downloading pilmoji-2.0.4-py3-none-any.whl.metadata (3.3 kB)
2025-06-15T08:48:15.358139689Z Collecting shapely!=2.0.7 (from dghs-imgutils[gpu])
2025-06-15T08:48:15.358149549Z   Downloading shapely-2.1.1-cp310-cp310-manylinux_2_17_x86_64.manylinux2014_x86_64.whl.metadata (6.7 kB)
2025-06-15T08:48:15.358155399Z Collecting pyclipper (from dghs-imgutils[gpu])
2025-06-15T08:48:15.358166739Z   Downloading pyclipper-1.3.0.post6-cp310-cp310-manylinux_2_12_x86_64.manylinux2010_x86_64.whl.metadata (9.0 kB)
2025-06-15T08:48:15.358177759Z Collecting deprecation>=2.0.0 (from dghs-imgutils[gpu])
2025-06-15T08:48:15.358181609Z   Downloading deprecation-2.1.0-py2.py3-none-any.whl.metadata (4.6 kB)
2025-06-15T08:48:15.358185459Z Collecting hfutils>=0.9.0 (from dghs-imgutils[gpu])
2025-06-15T08:48:15.358190679Z   Downloading hfutils-0.11.1-py3-none-any.whl.metadata (11 kB)
2025-06-15T08:48:15.358196939Z Requirement already satisfied: filelock in /usr/local/lib/python3.10/dist-packages (from dghs-imgutils[gpu]) (3.9.0)
2025-06-15T08:48:15.358206979Z Collecting bchlib!=2.0.0,!=2.0.1,!=2.1.0,!=2.1.1,!=2.1.2,>=1.0.0 (from dghs-imgutils[gpu])
2025-06-15T08:48:15.358212919Z   Downloading bchlib-2.1.3-cp310-cp310-manylinux_2_17_x86_64.manylinux2014_x86_64.whl.metadata (1.4 kB)
2025-06-15T08:48:15.358225259Z Requirement already satisfied: piexif in /usr/local/lib/python3.10/dist-packages (from dghs-imgutils[gpu]) (1.1.3)
2025-06-15T08:48:15.358231139Z Collecting pyrfc6266>=1 (from dghs-imgutils[gpu])
2025-06-15T08:48:15.358242849Z   Downloading pyrfc6266-1.0.2-py3-none-any.whl.metadata (1.5 kB)
2025-06-15T08:48:15.358252989Z Collecting urlobject>=2 (from dghs-imgutils[gpu])
2025-06-15T08:48:15.358256789Z   Downloading URLObject-2.4.3.tar.gz (27 kB)
2025-06-15T08:48:15.358263589Z   Preparing metadata (setup.py): started
2025-06-15T08:48:15.358273629Z   Preparing metadata (setup.py): finished with status 'done'
2025-06-15T08:48:15.358278969Z Requirement already satisfied: tokenizers>=0.20.0 in /usr/local/lib/python3.10/dist-packages (from dghs-imgutils[gpu]) (0.21.1)
2025-06-15T08:48:15.358293009Z Collecting onnxruntime-gpu (from dghs-imgutils[gpu])
2025-06-15T08:48:15.358303079Z   Downloading onnxruntime_gpu-1.22.0-cp310-cp310-manylinux_2_27_x86_64.manylinux_2_28_x86_64.whl.metadata (4.9 kB)
2025-06-15T08:48:15.358307679Z Requirement already satisfied: packaging in /usr/local/lib/python3.10/dist-packages (from deprecation>=2.0.0->dghs-imgutils[gpu]) (23.2)
2025-06-15T08:48:15.358314049Z Requirement already satisfied: setuptools>=50.0 in /usr/local/lib/python3.10/dist-packages (from hbutils>=0.9.0->dghs-imgutils[gpu]) (68.2.2)
2025-06-15T08:48:15.358320469Z Collecting pytimeparse>=1.1.8 (from hbutils>=0.9.0->dghs-imgutils[gpu])
2025-06-15T08:48:15.358330759Z   Downloading pytimeparse-1.1.8-py2.py3-none-any.whl.metadata (3.4 kB)
2025-06-15T08:48:15.358345530Z Collecting bitmath>=1.3.3.1 (from hbutils>=0.9.0->dghs-imgutils[gpu])
2025-06-15T08:48:15.358356499Z   Downloading bitmath-1.3.3.1.tar.gz (88 kB)
2025-06-15T08:48:15.358363750Z   Preparing metadata (setup.py): started
2025-06-15T08:48:15.358374170Z   Preparing metadata (setup.py): finished with status 'done'
2025-06-15T08:48:15.358380739Z Collecting chardet<5,>=3.0.4 (from hbutils>=0.9.0->dghs-imgutils[gpu])
2025-06-15T08:48:15.358392839Z   Downloading chardet-4.0.0-py2.py3-none-any.whl.metadata (3.5 kB)
2025-06-15T08:48:15.358403530Z Requirement already satisfied: requests in /usr/local/lib/python3.10/dist-packages (from hfutils>=0.9.0->dghs-imgutils[gpu]) (2.31.0)
2025-06-15T08:48:15.358409970Z Requirement already satisfied: click>=7 in /usr/local/lib/python3.10/dist-packages (from hfutils>=0.9.0->dghs-imgutils[gpu]) (8.2.1)
2025-06-15T08:48:15.358422710Z Collecting tzlocal (from hfutils>=0.9.0->dghs-imgutils[gpu])
2025-06-15T08:48:15.358433599Z   Downloading tzlocal-5.3.1-py3-none-any.whl.metadata (7.6 kB)
2025-06-15T08:48:15.358440670Z Collecting natsort (from hfutils>=0.9.0->dghs-imgutils[gpu])
2025-06-15T08:48:15.358451350Z   Downloading natsort-8.4.0-py3-none-any.whl.metadata (21 kB)
2025-06-15T08:48:15.358459350Z Collecting random-user-agent (from hfutils>=0.9.0->dghs-imgutils[gpu])
2025-06-15T08:48:15.358469230Z   Downloading random_user_agent-1.0.1-py3-none-any.whl.metadata (2.7 kB)
2025-06-15T08:48:15.358476039Z Collecting cachetools (from hfutils>=0.9.0->dghs-imgutils[gpu])
2025-06-15T08:48:15.358486859Z   Downloading cachetools-6.0.0-py3-none-any.whl.metadata (5.4 kB)
2025-06-15T08:48:15.358493679Z Requirement already satisfied: fsspec>=2024 in /usr/local/lib/python3.10/dist-packages (from hfutils>=0.9.0->dghs-imgutils[gpu]) (2025.5.1)
2025-06-15T08:48:15.358504150Z Requirement already satisfied: pyyaml>=5.1 in /usr/local/lib/python3.10/dist-packages (from huggingface-hub->dghs-imgutils[gpu]) (6.0.1)
2025-06-15T08:48:15.358510710Z Requirement already satisfied: typing-extensions>=3.7.4.3 in /usr/local/lib/python3.10/dist-packages (from huggingface-hub->dghs-imgutils[gpu]) (4.14.0)
2025-06-15T08:48:15.358521190Z Requirement already satisfied: hf-xet<2.0.0,>=1.1.2 in /usr/local/lib/python3.10/dist-packages (from huggingface-hub->dghs-imgutils[gpu]) (1.1.3)
2025-06-15T08:48:15.358527939Z Collecting pyparsing~=3.0.7 (from pyrfc6266>=1->dghs-imgutils[gpu])
2025-06-15T08:48:15.358537910Z   Downloading pyparsing-3.0.9-py3-none-any.whl.metadata (4.2 kB)
2025-06-15T08:48:15.358545059Z Collecting coloredlogs (from onnxruntime-gpu->dghs-imgutils[gpu])
2025-06-15T08:48:15.358555799Z   Downloading coloredlogs-15.0.1-py2.py3-none-any.whl.metadata (12 kB)
2025-06-15T08:48:15.358563810Z Collecting flatbuffers (from onnxruntime-gpu->dghs-imgutils[gpu])
2025-06-15T08:48:15.358573830Z   Downloading flatbuffers-25.2.10-py2.py3-none-any.whl.metadata (875 bytes)
2025-06-15T08:48:15.358580519Z Collecting protobuf (from onnxruntime-gpu->dghs-imgutils[gpu])
2025-06-15T08:48:15.358590970Z   Downloading protobuf-6.31.1-cp39-abi3-manylinux2014_x86_64.whl.metadata (593 bytes)
2025-06-15T08:48:15.358598680Z Requirement already satisfied: sympy in /usr/local/lib/python3.10/dist-packages (from onnxruntime-gpu->dghs-imgutils[gpu]) (1.12)
2025-06-15T08:48:15.358608680Z Collecting humanfriendly>=9.1 (from coloredlogs->onnxruntime-gpu->dghs-imgutils[gpu])
2025-06-15T08:48:15.358616530Z   Downloading humanfriendly-10.0-py2.py3-none-any.whl.metadata (9.2 kB)
2025-06-15T08:48:15.358626610Z Requirement already satisfied: python-dateutil>=2.8.2 in /usr/local/lib/python3.10/dist-packages (from pandas->dghs-imgutils[gpu]) (2.8.2)
2025-06-15T08:48:15.358633850Z Collecting pytz>=2020.1 (from pandas->dghs-imgutils[gpu])
2025-06-15T08:48:15.358644210Z   Downloading pytz-2025.2-py2.py3-none-any.whl.metadata (22 kB)
2025-06-15T08:48:15.358648720Z Collecting tzdata>=2022.7 (from pandas->dghs-imgutils[gpu])
2025-06-15T08:48:15.358653760Z   Downloading tzdata-2025.2-py2.py3-none-any.whl.metadata (1.4 kB)
2025-06-15T08:48:15.358660930Z Requirement already satisfied: six>=1.5 in /usr/lib/python3/dist-packages (from python-dateutil>=2.8.2->pandas->dghs-imgutils[gpu]) (1.16.0)
2025-06-15T08:48:33.155597006Z nodes.py            :2145 2025-06-15 08:48:33,155 Traceback (most recent call last):
2025-06-15T08:48:33.155646766Z   File "/runpod-volume/ComfyUI/nodes.py", line 2124, in load_custom_node
2025-06-15T08:48:33.155653286Z     module_spec.loader.exec_module(module)
2025-06-15T08:48:33.155658326Z   File "<frozen importlib._bootstrap_external>", line 883, in exec_module
2025-06-15T08:48:33.155662876Z   File "<frozen importlib._bootstrap>", line 241, in _call_with_frames_removed
2025-06-15T08:48:33.155667546Z   File "/runpod-volume/ComfyUI/custom_nodes/was-node-suite-comfyui/__init__.py", line 1, in <module>
2025-06-15T08:48:33.155672696Z     from .WAS_Node_Suite import NODE_CLASS_MAPPINGS
2025-06-15T08:48:33.155677266Z   File "/runpod-volume/ComfyUI/custom_nodes/was-node-suite-comfyui/WAS_Node_Suite.py", line 37, in <module>
2025-06-15T08:48:33.155681886Z     from numba import jit
2025-06-15T08:48:33.155686836Z ModuleNotFoundError: No module named 'numba'
2025-06-15T08:48:33.155696466Z WARNING: Running pip as the 'root' user can result in broken permissions and conflicting behaviour with the system package manager, possibly rendering your system unusable. It is recommended to use a virtual environment instead: https://pip.pypa.io/warnings/venv. Use the --root-user-action option if you know what you are doing and want to suppress this warning.
2025-06-15T08:48:33.155701806Z WARNING: Running pip as the 'root' user can result in broken permissions and conflicting behaviour with the system package manager, possibly rendering your system unusable. It is recommended to use a virtual environment instead: https://pip.pypa.io/warnings/venv. Use the --root-user-action option if you know what you are doing and want to suppress this warning.
2025-06-15T08:48:33.155706526Z   DEPRECATION: Building 'bitmath' using the legacy setup.py bdist_wheel mechanism, which will be removed in a future version. pip 25.3 will enforce this behaviour change. A possible replacement is to use the standardized build interface by setting the `--use-pep517` option, (possibly combined with `--no-build-isolation`), or adding a `pyproject.toml` file to the source tree of 'bitmath'. Discussion can be found at https://github.com/pypa/pip/issues/6334
2025-06-15T08:48:33.155715436Z   DEPRECATION: Building 'urlobject' using the legacy setup.py bdist_wheel mechanism, which will be removed in a future version. pip 25.3 will enforce this behaviour change. A possible replacement is to use the standardized build interface by setting the `--use-pep517` option, (possibly combined with `--no-build-isolation`), or adding a `pyproject.toml` file to the source tree of 'urlobject'. Discussion can be found at https://github.com/pypa/pip/issues/6334
2025-06-15T08:48:33.155720306Z WARNING: Running pip as the 'root' user can result in broken permissions and conflicting behaviour with the system package manager, possibly rendering your system unusable. It is recommended to use a virtual environment instead: https://pip.pypa.io/warnings/venv. Use the --root-user-action option if you know what you are doing and want to suppress this warning.
2025-06-15T08:48:33.155786016Z WARNING: Running pip as the 'root' user can result in broken permissions and conflicting behaviour with the system package manager, possibly rendering your system unusable. It is recommended to use a virtual environment instead: https://pip.pypa.io/warnings/venv. Use the --root-user-action option if you know what you are doing and want to suppress this warning.
2025-06-15T08:48:33.155791716Z Traceback (most recent call last):
2025-06-15T08:48:33.155796486Z   File "/runpod-volume/ComfyUI/nodes.py", line 2124, in load_custom_node
2025-06-15T08:48:33.155801126Z     module_spec.loader.exec_module(module)
2025-06-15T08:48:33.155817306Z   File "<frozen importlib._bootstrap_external>", line 883, in exec_module
2025-06-15T08:48:33.155895756Z   File "<frozen importlib._bootstrap>", line 241, in _call_with_frames_removed
2025-06-15T08:48:33.155909836Z   File "/runpod-volume/ComfyUI/custom_nodes/was-node-suite-comfyui/__init__.py", line 1, in <module>
2025-06-15T08:48:33.155938426Z     from .WAS_Node_Suite import NODE_CLASS_MAPPINGS
2025-06-15T08:48:33.155956806Z   File "/runpod-volume/ComfyUI/custom_nodes/was-node-suite-comfyui/WAS_Node_Suite.py", line 37, in <module>
2025-06-15T08:48:33.155966536Z     from numba import jit
2025-06-15T08:48:33.155974706Z ModuleNotFoundError: No module named 'numba'
2025-06-15T08:48:33.155991706Z nodes.py            :2146 2025-06-15 08:48:33,155 Cannot import /runpod-volume/ComfyUI/custom_nodes/was-node-suite-comfyui module for custom nodes: No module named 'numba'
2025-06-15T08:48:33.155999986Z Cannot import /runpod-volume/ComfyUI/custom_nodes/was-node-suite-comfyui module for custom nodes: No module named 'numba'
2025-06-15T08:48:37.193384406Z nodes.py            :2145 2025-06-15 08:48:37,193 Traceback (most recent call last):
2025-06-15T08:48:37.193420886Z   File "/runpod-volume/ComfyUI/nodes.py", line 2124, in load_custom_node
2025-06-15T08:48:37.193427326Z     module_spec.loader.exec_module(module)
2025-06-15T08:48:37.193432817Z   File "<frozen importlib._bootstrap_external>", line 883, in exec_module
2025-06-15T08:48:37.193437426Z   File "<frozen importlib._bootstrap>", line 241, in _call_with_frames_removed
2025-06-15T08:48:37.193442137Z   File "/runpod-volume/ComfyUI/custom_nodes/comfyui-easy-use/__init__.py", line 20, in <module>
2025-06-15T08:48:37.193446666Z     imported_module = importlib.import_module(".py.nodes.{}".format(module_name), __name__)
2025-06-15T08:48:37.193453406Z   File "/usr/lib/python3.10/importlib/__init__.py", line 126, in import_module
2025-06-15T08:48:37.193488226Z     return _bootstrap._gcd_import(name[level:], package, level)
2025-06-15T08:48:37.193493397Z   File "<frozen importlib._bootstrap>", line 1050, in _gcd_import
2025-06-15T08:48:37.193498186Z   File "<frozen importlib._bootstrap>", line 1027, in _find_and_load
2025-06-15T08:48:37.193503377Z   File "<frozen importlib._bootstrap>", line 1006, in _find_and_load_unlocked
2025-06-15T08:48:37.193509757Z   File "<frozen importlib._bootstrap>", line 688, in _load_unlocked
2025-06-15T08:48:37.193521367Z   File "<frozen importlib._bootstrap_external>", line 883, in exec_module
2025-06-15T08:48:37.193528827Z   File "<frozen importlib._bootstrap>", line 241, in _call_with_frames_removed
2025-06-15T08:48:37.193535587Z   File "/runpod-volume/ComfyUI/custom_nodes/comfyui-easy-use/py/nodes/image.py", line 1687, in <module>
2025-06-15T08:48:37.193544797Z     import cv2
2025-06-15T08:48:37.193555117Z   File "/usr/local/lib/python3.10/dist-packages/cv2/__init__.py", line 12, in <module>
2025-06-15T08:48:37.193564387Z     import numpy.core.multiarray
2025-06-15T08:48:37.193572717Z   File "/usr/local/lib/python3.10/dist-packages/numpy/core/multiarray.py", line 16, in <module>
2025-06-15T08:48:37.193579147Z     from ._multiarray_umath import (
2025-06-15T08:48:37.193588967Z ImportError: cannot import name 'fastCopyAndTranspose' from 'numpy.core._multiarray_umath' (/usr/local/lib/python3.10/dist-packages/numpy/core/_multiarray_umath.py)
2025-06-15T08:48:37.193608467Z Traceback (most recent call last):
2025-06-15T08:48:37.193617317Z   File "/runpod-volume/ComfyUI/nodes.py", line 2124, in load_custom_node
2025-06-15T08:48:37.193628407Z     module_spec.loader.exec_module(module)
2025-06-15T08:48:37.193634587Z   File "<frozen importlib._bootstrap_external>", line 883, in exec_module
2025-06-15T08:48:37.193647467Z   File "<frozen importlib._bootstrap>", line 241, in _call_with_frames_removed
2025-06-15T08:48:37.193656597Z   File "/runpod-volume/ComfyUI/custom_nodes/comfyui-easy-use/__init__.py", line 20, in <module>
2025-06-15T08:48:37.193661667Z     imported_module = importlib.import_module(".py.nodes.{}".format(module_name), __name__)
2025-06-15T08:48:37.193668227Z   File "/usr/lib/python3.10/importlib/__init__.py", line 126, in import_module
2025-06-15T08:48:37.193677177Z     return _bootstrap._gcd_import(name[level:], package, level)
2025-06-15T08:48:37.193685487Z   File "<frozen importlib._bootstrap>", line 1050, in _gcd_import
2025-06-15T08:48:37.193692287Z   File "<frozen importlib._bootstrap>", line 1027, in _find_and_load
2025-06-15T08:48:37.193701657Z   File "<frozen importlib._bootstrap>", line 1006, in _find_and_load_unlocked
2025-06-15T08:48:37.193726117Z   File "<frozen importlib._bootstrap>", line 688, in _load_unlocked
2025-06-15T08:48:37.193756377Z   File "<frozen importlib._bootstrap_external>", line 883, in exec_module
2025-06-15T08:48:37.193771517Z   File "<frozen importlib._bootstrap>", line 241, in _call_with_frames_removed
2025-06-15T08:48:37.193776407Z   File "/runpod-volume/ComfyUI/custom_nodes/comfyui-easy-use/py/nodes/image.py", line 1687, in <module>
2025-06-15T08:48:37.193782787Z     import cv2
2025-06-15T08:48:37.193792367Z   File "/usr/local/lib/python3.10/dist-packages/cv2/__init__.py", line 12, in <module>
2025-06-15T08:48:37.193801357Z     import numpy.core.multiarray
2025-06-15T08:48:37.193811117Z   File "/usr/local/lib/python3.10/dist-packages/numpy/core/multiarray.py", line 16, in <module>
2025-06-15T08:48:37.193819877Z     from ._multiarray_umath import (
2025-06-15T08:48:37.193828367Z ImportError: cannot import name 'fastCopyAndTranspose' from 'numpy.core._multiarray_umath' (/usr/local/lib/python3.10/dist-packages/numpy/core/_multiarray_umath.py)
2025-06-15T08:48:37.193845427Z nodes.py            :2146 2025-06-15 08:48:37,193 Cannot import /runpod-volume/ComfyUI/custom_nodes/comfyui-easy-use module for custom nodes: cannot import name 'fastCopyAndTranspose' from 'numpy.core._multiarray_umath' (/usr/local/lib/python3.10/dist-packages/numpy/core/_multiarray_umath.py)
2025-06-15T08:48:37.193854547Z Cannot import /runpod-volume/ComfyUI/custom_nodes/comfyui-easy-use module for custom nodes: cannot import name 'fastCopyAndTranspose' from 'numpy.core._multiarray_umath' (/usr/local/lib/python3.10/dist-packages/numpy/core/_multiarray_umath.py)
2025-06-15T08:48:37.215306526Z nodes.py            :2145 2025-06-15 08:48:37,215 Traceback (most recent call last):
2025-06-15T08:48:37.215330286Z   File "/runpod-volume/ComfyUI/nodes.py", line 2124, in load_custom_node
2025-06-15T08:48:37.215336466Z     module_spec.loader.exec_module(module)
2025-06-15T08:48:37.215341236Z   File "<frozen importlib._bootstrap_external>", line 883, in exec_module
2025-06-15T08:48:37.215345796Z   File "<frozen importlib._bootstrap>", line 241, in _call_with_frames_removed
2025-06-15T08:48:37.215350326Z   File "/runpod-volume/ComfyUI/custom_nodes/ComfyUI-GGUF/__init__.py", line 7, in <module>
2025-06-15T08:48:37.215354846Z     from .nodes import NODE_CLASS_MAPPINGS
2025-06-15T08:48:37.215359456Z   File "/runpod-volume/ComfyUI/custom_nodes/ComfyUI-GGUF/nodes.py", line 15, in <module>
2025-06-15T08:48:37.215363946Z     from .ops import GGMLOps, move_patch_to_device
2025-06-15T08:48:37.215368756Z   File "/runpod-volume/ComfyUI/custom_nodes/ComfyUI-GGUF/ops.py", line 2, in <module>
2025-06-15T08:48:37.215373406Z     import gguf
2025-06-15T08:48:37.215378066Z ModuleNotFoundError: No module named 'gguf'
2025-06-15T08:48:37.215387056Z Traceback (most recent call last):
2025-06-15T08:48:37.215391606Z   File "/runpod-volume/ComfyUI/nodes.py", line 2124, in load_custom_node
2025-06-15T08:48:37.215396336Z     module_spec.loader.exec_module(module)
2025-06-15T08:48:37.215401156Z   File "<frozen importlib._bootstrap_external>", line 883, in exec_module
2025-06-15T08:48:37.215405956Z   File "<frozen importlib._bootstrap>", line 241, in _call_with_frames_removed
2025-06-15T08:48:37.215410486Z   File "/runpod-volume/ComfyUI/custom_nodes/ComfyUI-GGUF/__init__.py", line 7, in <module>
2025-06-15T08:48:37.215426626Z     from .nodes import NODE_CLASS_MAPPINGS
2025-06-15T08:48:37.215436966Z   File "/runpod-volume/ComfyUI/custom_nodes/ComfyUI-GGUF/nodes.py", line 15, in <module>
2025-06-15T08:48:37.215441566Z     from .ops import GGMLOps, move_patch_to_device
2025-06-15T08:48:37.215446856Z   File "/runpod-volume/ComfyUI/custom_nodes/ComfyUI-GGUF/ops.py", line 2, in <module>
2025-06-15T08:48:37.215453676Z     import gguf
2025-06-15T08:48:37.215463416Z ModuleNotFoundError: No module named 'gguf'
2025-06-15T08:48:37.215488066Z nodes.py            :2146 2025-06-15 08:48:37,215 Cannot import /runpod-volume/ComfyUI/custom_nodes/ComfyUI-GGUF module for custom nodes: No module named 'gguf'
2025-06-15T08:48:37.215508156Z Cannot import /runpod-volume/ComfyUI/custom_nodes/ComfyUI-GGUF module for custom nodes: No module named 'gguf'
2025-06-15T08:48:39.390000931Z Requirement already satisfied: charset-normalizer<4,>=2 in /usr/local/lib/python3.10/dist-packages (from requests->hfutils>=0.9.0->dghs-imgutils[gpu]) (2.1.1)
2025-06-15T08:48:39.390037211Z Requirement already satisfied: idna<4,>=2.5 in /usr/local/lib/python3.10/dist-packages (from requests->hfutils>=0.9.0->dghs-imgutils[gpu]) (3.4)
2025-06-15T08:48:39.390041761Z Requirement already satisfied: urllib3<3,>=1.21.1 in /usr/local/lib/python3.10/dist-packages (from requests->hfutils>=0.9.0->dghs-imgutils[gpu]) (1.26.13)
2025-06-15T08:48:39.390045621Z Requirement already satisfied: certifi>=2017.4.17 in /usr/local/lib/python3.10/dist-packages (from requests->hfutils>=0.9.0->dghs-imgutils[gpu]) (2022.12.7)
2025-06-15T08:48:39.390049441Z Collecting joblib>=1.2.0 (from scikit-learn->dghs-imgutils[gpu])
2025-06-15T08:48:39.390052141Z   Downloading joblib-1.5.1-py3-none-any.whl.metadata (5.6 kB)
2025-06-15T08:48:39.390054581Z Collecting threadpoolctl>=3.1.0 (from scikit-learn->dghs-imgutils[gpu])
2025-06-15T08:48:39.390057311Z   Downloading threadpoolctl-3.6.0-py3-none-any.whl.metadata (13 kB)
2025-06-15T08:48:39.390059751Z Requirement already satisfied: mpmath>=0.19 in /usr/local/lib/python3.10/dist-packages (from sympy->onnxruntime-gpu->dghs-imgutils[gpu]) (1.3.0)
2025-06-15T08:48:39.390062501Z Downloading dghs_imgutils-0.17.0-py3-none-any.whl (447 kB)
2025-06-15T08:48:39.390075661Z Downloading emoji-2.11.1-py2.py3-none-any.whl (433 kB)
2025-06-15T08:48:39.390082331Z Downloading numpy-1.26.4-cp310-cp310-manylinux_2_17_x86_64.manylinux2014_x86_64.whl (18.2 MB)
2025-06-15T08:48:39.390084821Z    â”â”â”â”â”â”â”â”â”â”â”â”â”â”â”â”â”â”â”â”â”â”â”â”â”â”â”â”â”â”â”â”â”â”â”â”â”â”â”â” 18.2/18.2 MB 269.7 MB/s eta 0:00:00
2025-06-15T08:48:39.390087231Z Downloading bchlib-2.1.3-cp310-cp310-manylinux_2_17_x86_64.manylinux2014_x86_64.whl (67 kB)
2025-06-15T08:48:39.390089611Z Downloading deprecation-2.1.0-py2.py3-none-any.whl (11 kB)
2025-06-15T08:48:39.390091981Z Downloading hbutils-0.11.0-py3-none-any.whl (133 kB)
2025-06-15T08:48:39.390094361Z Downloading chardet-4.0.0-py2.py3-none-any.whl (178 kB)
2025-06-15T08:48:39.390096791Z Downloading hfutils-0.11.1-py3-none-any.whl (108 kB)
2025-06-15T08:48:39.390100531Z Downloading pilmoji-2.0.4-py3-none-any.whl (9.7 kB)
2025-06-15T08:48:39.390105971Z Downloading pyrfc6266-1.0.2-py3-none-any.whl (4.7 kB)
2025-06-15T08:48:39.390112241Z Downloading pyparsing-3.0.9-py3-none-any.whl (98 kB)
2025-06-15T08:48:39.390123141Z Downloading pytimeparse-1.1.8-py2.py3-none-any.whl (10.0 kB)
2025-06-15T08:48:39.390128501Z Downloading shapely-2.1.1-cp310-cp310-manylinux_2_17_x86_64.manylinux2014_x86_64.whl (3.1 MB)
2025-06-15T08:48:39.390138531Z    â”â”â”â”â”â”â”â”â”â”â”â”â”â”â”â”â”â”â”â”â”â”â”â”â”â”â”â”â”â”â”â”â”â”â”â”â”â”â”â” 3.1/3.1 MB 166.5 MB/s eta 0:00:00
2025-06-15T08:48:39.390144041Z Downloading cachetools-6.0.0-py3-none-any.whl (10 kB)
2025-06-15T08:48:39.390149541Z Downloading natsort-8.4.0-py3-none-any.whl (38 kB)
2025-06-15T08:48:39.390158271Z Downloading onnxruntime_gpu-1.22.0-cp310-cp310-manylinux_2_27_x86_64.manylinux_2_28_x86_64.whl (283.2 MB)
2025-06-15T08:48:39.390164621Z    â”â”â”â”â”â”â”â”â”â”â”â”â”â”â”â”â”â”â”â”â”â”â”â”â”â”â”â”â”â”â”â”â”â”â”â”â”â”â” 283.2/283.2 MB 279.8 MB/s eta 0:00:00
2025-06-15T08:48:39.390170711Z Downloading coloredlogs-15.0.1-py2.py3-none-any.whl (46 kB)
2025-06-15T08:48:39.390177231Z Downloading humanfriendly-10.0-py2.py3-none-any.whl (86 kB)
2025-06-15T08:48:39.390181791Z Downloading flatbuffers-25.2.10-py2.py3-none-any.whl (30 kB)
2025-06-15T08:48:39.390185821Z Downloading opencv_contrib_python-4.11.0.86-cp37-abi3-manylinux_2_17_x86_64.manylinux2014_x86_64.whl (69.1 MB)
2025-06-15T08:48:39.390191291Z    â”â”â”â”â”â”â”â”â”â”â”â”â”â”â”â”â”â”â”â”â”â”â”â”â”â”â”â”â”â”â”â”â”â”â”â”â”â”â”â” 69.1/69.1 MB 141.5 MB/s eta 0:00:00
2025-06-15T08:48:39.390198971Z Downloading pandas-2.3.0-cp310-cp310-manylinux_2_17_x86_64.manylinux2014_x86_64.whl (12.3 MB)
2025-06-15T08:48:39.390216121Z    â”â”â”â”â”â”â”â”â”â”â”â”â”â”â”â”â”â”â”â”â”â”â”â”â”â”â”â”â”â”â”â”â”â”â”â”â”â”â”â” 12.3/12.3 MB 339.0 MB/s eta 0:00:00
2025-06-15T08:48:39.390224611Z Downloading pytz-2025.2-py2.py3-none-any.whl (509 kB)
2025-06-15T08:48:39.390230761Z Downloading tzdata-2025.2-py2.py3-none-any.whl (347 kB)
2025-06-15T08:48:39.390234781Z Downloading protobuf-6.31.1-cp39-abi3-manylinux2014_x86_64.whl (321 kB)
2025-06-15T08:48:39.390241841Z Downloading pyclipper-1.3.0.post6-cp310-cp310-manylinux_2_12_x86_64.manylinux2010_x86_64.whl (912 kB)
2025-06-15T08:48:39.390247581Z    â”â”â”â”â”â”â”â”â”â”â”â”â”â”â”â”â”â”â”â”â”â”â”â”â”â”â”â”â”â”â”â”â”â”â”â”â”â”â” 912.2/912.2 kB 171.2 MB/s eta 0:00:00
2025-06-15T08:48:39.390256531Z Downloading random_user_agent-1.0.1-py3-none-any.whl (8.2 MB)
2025-06-15T08:48:39.390262941Z    â”â”â”â”â”â”â”â”â”â”â”â”â”â”â”â”â”â”â”â”â”â”â”â”â”â”â”â”â”â”â”â”â”â”â”â”â”â”â”â” 8.2/8.2 MB 314.1 MB/s eta 0:00:00
2025-06-15T08:48:39.390268091Z Downloading scikit_learn-1.7.0-cp310-cp310-manylinux_2_17_x86_64.manylinux2014_x86_64.whl (12.9 MB)
2025-06-15T08:48:39.390277351Z    â”â”â”â”â”â”â”â”â”â”â”â”â”â”â”â”â”â”â”â”â”â”â”â”â”â”â”â”â”â”â”â”â”â”â”â”â”â”â”â” 12.9/12.9 MB 320.6 MB/s eta 0:00:00
2025-06-15T08:48:39.390283461Z Downloading joblib-1.5.1-py3-none-any.whl (307 kB)
2025-06-15T08:48:39.390288741Z Downloading threadpoolctl-3.6.0-py3-none-any.whl (18 kB)
2025-06-15T08:48:39.390296081Z Downloading tzlocal-5.3.1-py3-none-any.whl (18 kB)
2025-06-15T08:48:39.390301791Z Building wheels for collected packages: bitmath, urlobject
2025-06-15T08:48:39.390304191Z   Building wheel for bitmath (setup.py): started
2025-06-15T08:48:39.390307261Z   Building wheel for bitmath (setup.py): finished with status 'done'
2025-06-15T08:48:39.390311521Z   Created wheel for bitmath: filename=bitmath-1.3.3.1-py3-none-any.whl size=23976 sha256=cf2d56d5b035e35ae49128af9b9daed13d086b3ecc073ce89a51be33879609d7
2025-06-15T08:48:39.390317791Z   Stored in directory: /root/.cache/pip/wheels/2d/32/d2/936069b5a9583c55bc7c7dce6c746a543ce61d7dfbb4013e13
2025-06-15T08:48:39.390322311Z   Building wheel for urlobject (setup.py): started
2025-06-15T08:48:39.390329921Z   Building wheel for urlobject (setup.py): finished with status 'done'
2025-06-15T08:48:39.390335561Z   Created wheel for urlobject: filename=URLObject-2.4.3-py3-none-any.whl size=14509 sha256=7cea06834b246343458bd90080b01b965a5e99eaa3a06f573bae9ef3ed561f92
2025-06-15T08:48:39.390339691Z   Stored in directory: /root/.cache/pip/wheels/0d/a2/8a/05c4a3cbe66487af088bc8967fad6de3cc30f4680a5e2e27b8
2025-06-15T08:48:39.390348341Z Successfully built bitmath urlobject
2025-06-15T08:48:39.390356241Z Installing collected packages: urlobject, random-user-agent, pytz, pytimeparse, pyclipper, flatbuffers, bitmath, tzlocal, tzdata, threadpoolctl, pyparsing, protobuf, numpy, natsort, joblib, humanfriendly, emoji, deprecation, chardet, cachetools, bchlib, shapely, pyrfc6266, pilmoji, pandas, opencv-contrib-python, hbutils, coloredlogs, scikit-learn, onnxruntime-gpu, hfutils, dghs-imgutils
2025-06-15T08:48:39.390363581Z   Attempting uninstall: pyparsing
2025-06-15T08:48:39.390371741Z     Found existing installation: pyparsing 2.4.7
2025-06-15T08:48:39.390378141Z     Uninstalling pyparsing-2.4.7:
2025-06-15T08:48:39.390383381Z       Successfully uninstalled pyparsing-2.4.7
2025-06-15T08:48:39.390390801Z   Attempting uninstall: numpy
2025-06-15T08:48:39.390398541Z     Found existing installation: numpy 2.2.6
2025-06-15T08:48:39.390406731Z     Uninstalling numpy-2.2.6:
2025-06-15T08:48:39.390412851Z       Successfully uninstalled numpy-2.2.6
2025-06-15T08:48:39.390419031Z   Attempting uninstall: chardet
2025-06-15T08:48:39.390425691Z     Found existing installation: chardet 5.2.0
2025-06-15T08:48:39.390429701Z     Uninstalling chardet-5.2.0:
2025-06-15T08:48:39.390435881Z       Successfully uninstalled chardet-5.2.0
2025-06-15T08:48:39.390453671Z Successfully installed bchlib-2.1.3 bitmath-1.3.3.1 cachetools-6.0.0 chardet-4.0.0 coloredlogs-15.0.1 deprecation-2.1.0 dghs-imgutils-0.17.0 emoji-2.11.1 flatbuffers-25.2.10 hbutils-0.11.0 hfutils-0.11.1 humanfriendly-10.0 joblib-1.5.1 natsort-8.4.0 numpy-1.26.4 onnxruntime-gpu-1.22.0 opencv-contrib-python-4.11.0.86 pandas-2.3.0 pilmoji-2.0.4 protobuf-6.31.1 pyclipper-1.3.0.post6 pyparsing-3.0.9 pyrfc6266-1.0.2 pytimeparse-1.1.8 pytz-2025.2 random-user-agent-1.0.1 scikit-learn-1.7.0 shapely-2.1.1 threadpoolctl-3.6.0 tzdata-2025.2 tzlocal-5.3.1 urlobject-2.4.3
2025-06-15T08:48:39.390500571Z Successfully installed dghs-imgutils[gpu]
2025-06-15T08:48:39.390511982Z Installing pycryptodome...
2025-06-15T08:48:39.390520831Z Collecting pycryptodome
2025-06-15T08:48:39.390529411Z   Downloading pycryptodome-3.23.0-cp37-abi3-manylinux_2_17_x86_64.manylinux2014_x86_64.whl.metadata (3.4 kB)
2025-06-15T08:48:39.390540651Z Downloading pycryptodome-3.23.0-cp37-abi3-manylinux_2_17_x86_64.manylinux2014_x86_64.whl (2.3 MB)
2025-06-15T08:48:39.390550411Z    â”â”â”â”â”â”â”â”â”â”â”â”â”â”â”â”â”â”â”â”â”â”â”â”â”â”â”â”â”â”â”â”â”â”â”â”â”â”â”â” 2.3/2.3 MB 57.4 MB/s eta 0:00:00
2025-06-15T08:48:39.390558462Z Installing collected packages: pycryptodome
2025-06-15T08:48:39.390568891Z Successfully installed pycryptodome-3.23.0
2025-06-15T08:48:39.390577242Z Successfully installed pycryptodome
2025-06-15T08:48:39.390584722Z Failed to auto update `Quality of Life Suit`
2025-06-15T08:48:39.390595882Z [33mQualityOfLifeSuit_Omar92_DIR:[0m /runpod-volume/ComfyUI/custom_nodes/ComfyUI-QualityOfLifeSuit_Omar92
2025-06-15T08:48:39.390604291Z [92m[tinyterraNodes] [32mLoaded[0m
2025-06-15T08:48:39.390612271Z Package diffusers installed successfully
2025-06-15T08:48:39.390622042Z install lark...
2025-06-15T08:48:39.390630311Z Package lark installed successfully
2025-06-15T08:48:39.390637022Z OpenCV bindings requires "numpy" package.
2025-06-15T08:48:39.390647271Z Install it via command:
2025-06-15T08:48:39.390656502Z     pip install numpy
2025-06-15T08:48:39.390665662Z OpenCV bindings requires "numpy" package.
2025-06-15T08:48:39.390675171Z Install it via command:
2025-06-15T08:48:39.390684291Z     pip install numpy
2025-06-15T08:48:39.390691351Z Unable to import requirements for ComfyUI-SaveAsScript.
2025-06-15T08:48:39.390698731Z Installing...
2025-06-15T08:48:39.390707802Z Installing requirements...
2025-06-15T08:48:39.390716891Z Installed.
2025-06-15T08:48:39.390725571Z Successfully installed. Hopefully, at least.
2025-06-15T08:48:39.390741011Z ComfyUI found: /runpod-volume/ComfyUI
2025-06-15T08:48:39.390753932Z '/runpod-volume/ComfyUI' added to sys.path
2025-06-15T08:48:39.390763262Z Error loading AILab_SegmentV2.py: No module named 'segment_anything'
2025-06-15T08:48:39.390770862Z Error loading AILab_Segment.py: No module named 'segment_anything'
2025-06-15T08:48:39.390778092Z OpenCV bindings requires "numpy" package.
2025-06-15T08:48:39.390787752Z Install it via command:
2025-06-15T08:48:39.390797932Z     pip install numpy
2025-06-15T08:48:39.440642826Z nodes.py            :2145 2025-06-15 08:48:39,440 Traceback (most recent call last):
2025-06-15T08:48:39.440676056Z   File "/runpod-volume/ComfyUI/nodes.py", line 2124, in load_custom_node
2025-06-15T08:48:39.440682256Z     module_spec.loader.exec_module(module)
2025-06-15T08:48:39.440688276Z   File "<frozen importlib._bootstrap_external>", line 883, in exec_module
2025-06-15T08:48:39.440693076Z   File "<frozen importlib._bootstrap>", line 241, in _call_with_frames_removed
2025-06-15T08:48:39.440698036Z   File "/runpod-volume/ComfyUI/custom_nodes/ComfyUI-Apt_Preset/__init__.py", line 7, in <module>
2025-06-15T08:48:39.440702556Z     from .NodeChx.main_nodes import *
2025-06-15T08:48:39.440707186Z   File "/runpod-volume/ComfyUI/custom_nodes/ComfyUI-Apt_Preset/NodeChx/main_nodes.py", line 18, in <module>
2025-06-15T08:48:39.440712786Z     import toml
2025-06-15T08:48:39.440717616Z ModuleNotFoundError: No module named 'toml'
2025-06-15T08:48:39.440726606Z Traceback (most recent call last):
2025-06-15T08:48:39.440731276Z   File "/runpod-volume/ComfyUI/nodes.py", line 2124, in load_custom_node
2025-06-15T08:48:39.440744766Z     module_spec.loader.exec_module(module)
2025-06-15T08:48:39.440765586Z   File "<frozen importlib._bootstrap_external>", line 883, in exec_module
2025-06-15T08:48:39.440797476Z   File "<frozen importlib._bootstrap>", line 241, in _call_with_frames_removed
2025-06-15T08:48:39.440802256Z   File "/runpod-volume/ComfyUI/custom_nodes/ComfyUI-Apt_Preset/__init__.py", line 7, in <module>
2025-06-15T08:48:39.440807007Z     from .NodeChx.main_nodes import *
2025-06-15T08:48:39.440811587Z   File "/runpod-volume/ComfyUI/custom_nodes/ComfyUI-Apt_Preset/NodeChx/main_nodes.py", line 18, in <module>
2025-06-15T08:48:39.440816147Z     import toml
2025-06-15T08:48:39.440821376Z ModuleNotFoundError: No module named 'toml'
2025-06-15T08:48:39.440840327Z nodes.py            :2146 2025-06-15 08:48:39,440 Cannot import /runpod-volume/ComfyUI/custom_nodes/ComfyUI-Apt_Preset module for custom nodes: No module named 'toml'
2025-06-15T08:48:39.440847076Z Cannot import /runpod-volume/ComfyUI/custom_nodes/ComfyUI-Apt_Preset module for custom nodes: No module named 'toml'
2025-06-15T08:48:40.097856464Z Collecting opencv-contrib-python-headless
2025-06-15T08:48:40.142969484Z   Downloading opencv_contrib_python_headless-4.11.0.86-cp37-abi3-manylinux_2_17_x86_64.manylinux2014_x86_64.whl.metadata (20 kB)
2025-06-15T08:48:40.281804588Z Collecting ultralytics
2025-06-15T08:48:40.293066389Z   Downloading ultralytics-8.3.155-py3-none-any.whl.metadata (37 kB)
2025-06-15T08:48:40.443693863Z Collecting matplotlib
2025-06-15T08:48:40.455061874Z   Downloading matplotlib-3.10.3-cp310-cp310-manylinux_2_17_x86_64.manylinux2014_x86_64.whl.metadata (11 kB)
2025-06-15T08:48:40.475574202Z Requirement already satisfied: numpy>=1.21.2 in /usr/local/lib/python3.10/dist-packages (from opencv-contrib-python-headless) (1.26.4)
2025-06-15T08:48:40.553788822Z Collecting opencv-python>=4.6.0 (from ultralytics)
2025-06-15T08:48:40.564986912Z   Downloading opencv_python-4.11.0.86-cp37-abi3-manylinux_2_17_x86_64.manylinux2014_x86_64.whl.metadata (20 kB)
2025-06-15T08:48:40.573690220Z Requirement already satisfied: pillow>=7.1.2 in /usr/local/lib/python3.10/dist-packages (from ultralytics) (9.3.0)
2025-06-15T08:48:40.574128080Z Requirement already satisfied: pyyaml>=5.3.1 in /usr/local/lib/python3.10/dist-packages (from ultralytics) (6.0.1)
2025-06-15T08:48:40.574570690Z Requirement already satisfied: requests>=2.23.0 in /usr/local/lib/python3.10/dist-packages (from ultralytics) (2.31.0)
2025-06-15T08:48:40.575021351Z Requirement already satisfied: scipy>=1.4.1 in /usr/local/lib/python3.10/dist-packages (from ultralytics) (1.15.3)
2025-06-15T08:48:40.575409441Z Requirement already satisfied: torch>=1.8.0 in /usr/local/lib/python3.10/dist-packages (from ultralytics) (2.1.0+cu118)
2025-06-15T08:48:40.576227072Z Requirement already satisfied: torchvision>=0.9.0 in /usr/local/lib/python3.10/dist-packages (from ultralytics) (0.16.0+cu118)
2025-06-15T08:48:40.576650652Z Requirement already satisfied: tqdm>=4.64.0 in /usr/local/lib/python3.10/dist-packages (from ultralytics) (4.67.1)
2025-06-15T08:48:40.576997383Z Requirement already satisfied: psutil in /usr/local/lib/python3.10/dist-packages (from ultralytics) (5.9.6)
2025-06-15T08:48:40.577279723Z Requirement already satisfied: py-cpuinfo in /usr/local/lib/python3.10/dist-packages (from ultralytics) (9.0.0)
2025-06-15T08:48:40.577698623Z Requirement already satisfied: pandas>=1.1.4 in /usr/local/lib/python3.10/dist-packages (from ultralytics) (2.3.0)
2025-06-15T08:48:40.625028466Z Collecting ultralytics-thop>=2.0.0 (from ultralytics)
2025-06-15T08:48:40.636323316Z   Downloading ultralytics_thop-2.0.14-py3-none-any.whl.metadata (9.4 kB)
2025-06-15T08:48:40.711727593Z Collecting contourpy>=1.0.1 (from matplotlib)
2025-06-15T08:48:40.723057793Z   Downloading contourpy-1.3.2-cp310-cp310-manylinux_2_17_x86_64.manylinux2014_x86_64.whl.metadata (5.5 kB)
2025-06-15T08:48:40.745110053Z Collecting cycler>=0.10 (from matplotlib)
2025-06-15T08:48:40.756300583Z   Downloading cycler-0.12.1-py3-none-any.whl.metadata (3.8 kB)
2025-06-15T08:48:40.920056199Z Collecting fonttools>=4.22.0 (from matplotlib)
2025-06-15T08:48:40.931544300Z   Downloading fonttools-4.58.4-cp310-cp310-manylinux2014_x86_64.manylinux_2_17_x86_64.whl.metadata (106 kB)
2025-06-15T08:48:41.022640041Z Collecting kiwisolver>=1.3.1 (from matplotlib)
2025-06-15T08:48:41.033823221Z   Downloading kiwisolver-1.4.8-cp310-cp310-manylinux_2_12_x86_64.manylinux2010_x86_64.whl.metadata (6.2 kB)
2025-06-15T08:48:41.037307294Z Requirement already satisfied: packaging>=20.0 in /usr/local/lib/python3.10/dist-packages (from matplotlib) (23.2)
2025-06-15T08:48:41.038048915Z Requirement already satisfied: pyparsing>=2.3.1 in /usr/local/lib/python3.10/dist-packages (from matplotlib) (3.0.9)
2025-06-15T08:48:41.038505475Z Requirement already satisfied: python-dateutil>=2.7 in /usr/local/lib/python3.10/dist-packages (from matplotlib) (2.8.2)
2025-06-15T08:48:41.070754984Z Requirement already satisfied: pytz>=2020.1 in /usr/local/lib/python3.10/dist-packages (from pandas>=1.1.4->ultralytics) (2025.2)
2025-06-15T08:48:41.071185794Z Requirement already satisfied: tzdata>=2022.7 in /usr/local/lib/python3.10/dist-packages (from pandas>=1.1.4->ultralytics) (2025.2)
2025-06-15T08:48:41.075059418Z Requirement already satisfied: six>=1.5 in /usr/lib/python3/dist-packages (from python-dateutil>=2.7->matplotlib) (1.16.0)
2025-06-15T08:48:41.077944480Z Requirement already satisfied: charset-normalizer<4,>=2 in /usr/local/lib/python3.10/dist-packages (from requests>=2.23.0->ultralytics) (2.1.1)
2025-06-15T08:48:41.078399431Z Requirement already satisfied: idna<4,>=2.5 in /usr/local/lib/python3.10/dist-packages (from requests>=2.23.0->ultralytics) (3.4)
2025-06-15T08:48:41.078859301Z Requirement already satisfied: urllib3<3,>=1.21.1 in /usr/local/lib/python3.10/dist-packages (from requests>=2.23.0->ultralytics) (1.26.13)
2025-06-15T08:48:41.079240542Z Requirement already satisfied: certifi>=2017.4.17 in /usr/local/lib/python3.10/dist-packages (from requests>=2.23.0->ultralytics) (2022.12.7)
2025-06-15T08:48:41.091774213Z Requirement already satisfied: filelock in /usr/local/lib/python3.10/dist-packages (from torch>=1.8.0->ultralytics) (3.9.0)
2025-06-15T08:48:41.092099863Z Requirement already satisfied: typing-extensions in /usr/local/lib/python3.10/dist-packages (from torch>=1.8.0->ultralytics) (4.14.0)
2025-06-15T08:48:41.092462593Z Requirement already satisfied: sympy in /usr/local/lib/python3.10/dist-packages (from torch>=1.8.0->ultralytics) (1.12)
2025-06-15T08:48:41.092786604Z Requirement already satisfied: networkx in /usr/local/lib/python3.10/dist-packages (from torch>=1.8.0->ultralytics) (3.0)
2025-06-15T08:48:41.093085954Z Requirement already satisfied: jinja2 in /usr/local/lib/python3.10/dist-packages (from torch>=1.8.0->ultralytics) (3.1.6)
2025-06-15T08:48:41.093379314Z Requirement already satisfied: fsspec in /usr/local/lib/python3.10/dist-packages (from torch>=1.8.0->ultralytics) (2025.5.1)
2025-06-15T08:48:41.093781025Z Requirement already satisfied: triton==2.1.0 in /usr/local/lib/python3.10/dist-packages (from torch>=1.8.0->ultralytics) (2.1.0)
2025-06-15T08:48:41.131979609Z Requirement already satisfied: MarkupSafe>=2.0 in /usr/local/lib/python3.10/dist-packages (from jinja2->torch>=1.8.0->ultralytics) (2.1.2)
2025-06-15T08:48:41.139452255Z Requirement already satisfied: mpmath>=0.19 in /usr/local/lib/python3.10/dist-packages (from sympy->torch>=1.8.0->ultralytics) (1.3.0)
2025-06-15T08:48:41.153996788Z Downloading opencv_contrib_python_headless-4.11.0.86-cp37-abi3-manylinux_2_17_x86_64.manylinux2014_x86_64.whl (56.1 MB)
2025-06-15T08:48:41.530613515Z    â”â”â”â”â”â”â”â”â”â”â”â”â”â”â”â”â”â”â”â”â”â”â”â”â”â”â”â”â”â”â”â”â”â”â”â”â”â”â”â” 56.1/56.1 MB 153.6 MB/s eta 0:00:00
2025-06-15T08:48:41.544249317Z Downloading ultralytics-8.3.155-py3-none-any.whl (1.0 MB)
2025-06-15T08:48:41.555262218Z    â”â”â”â”â”â”â”â”â”â”â”â”â”â”â”â”â”â”â”â”â”â”â”â”â”â”â”â”â”â”â”â”â”â”â”â”â”â”â”â” 1.0/1.0 MB 118.1 MB/s eta 0:00:00
2025-06-15T08:48:41.568329859Z Downloading matplotlib-3.10.3-cp310-cp310-manylinux_2_17_x86_64.manylinux2014_x86_64.whl (8.6 MB)
2025-06-15T08:48:41.600414708Z    â”â”â”â”â”â”â”â”â”â”â”â”â”â”â”â”â”â”â”â”â”â”â”â”â”â”â”â”â”â”â”â”â”â”â”â”â”â”â”â” 8.6/8.6 MB 296.2 MB/s eta 0:00:00
2025-06-15T08:48:41.613699310Z Downloading contourpy-1.3.2-cp310-cp310-manylinux_2_17_x86_64.manylinux2014_x86_64.whl (325 kB)
2025-06-15T08:48:41.629135724Z Downloading cycler-0.12.1-py3-none-any.whl (8.3 kB)
2025-06-15T08:48:41.644271647Z Downloading fonttools-4.58.4-cp310-cp310-manylinux2014_x86_64.manylinux_2_17_x86_64.whl (4.8 MB)
2025-06-15T08:48:41.664148985Z    â”â”â”â”â”â”â”â”â”â”â”â”â”â”â”â”â”â”â”â”â”â”â”â”â”â”â”â”â”â”â”â”â”â”â”â”â”â”â”â” 4.8/4.8 MB 276.5 MB/s eta 0:00:00
2025-06-15T08:48:41.677385727Z Downloading kiwisolver-1.4.8-cp310-cp310-manylinux_2_12_x86_64.manylinux2010_x86_64.whl (1.6 MB)
2025-06-15T08:48:41.693858881Z    â”â”â”â”â”â”â”â”â”â”â”â”â”â”â”â”â”â”â”â”â”â”â”â”â”â”â”â”â”â”â”â”â”â”â”â”â”â”â”â” 1.6/1.6 MB 109.5 MB/s eta 0:00:00
2025-06-15T08:48:41.706968103Z Downloading opencv_python-4.11.0.86-cp37-abi3-manylinux_2_17_x86_64.manylinux2014_x86_64.whl (63.0 MB)
2025-06-15T08:48:41.960763950Z    â”â”â”â”â”â”â”â”â”â”â”â”â”â”â”â”â”â”â”â”â”â”â”â”â”â”â”â”â”â”â”â”â”â”â”â”â”â”â”â” 63.0/63.0 MB 249.8 MB/s eta 0:00:00
2025-06-15T08:48:41.972544780Z Downloading ultralytics_thop-2.0.14-py3-none-any.whl (26 kB)
2025-06-15T08:48:42.582033276Z Installing collected packages: opencv-python, opencv-contrib-python-headless, kiwisolver, fonttools, cycler, contourpy, matplotlib, ultralytics-thop, ultralytics
2025-06-15T08:48:46.087208730Z Successfully installed contourpy-1.3.2 cycler-0.12.1 fonttools-4.58.4 kiwisolver-1.4.8 matplotlib-3.10.3 opencv-contrib-python-headless-4.11.0.86 opencv-python-4.11.0.86 ultralytics-8.3.155 ultralytics-thop-2.0.14
2025-06-15T08:48:46.087400140Z WARNING: Running pip as the 'root' user can result in broken permissions and conflicting behaviour with the system package manager, possibly rendering your system unusable. It is recommended to use a virtual environment instead: https://pip.pypa.io/warnings/venv. Use the --root-user-action option if you know what you are doing and want to suppress this warning.
2025-06-15T08:48:46.224161093Z nodes.py            :2145 2025-06-15 08:48:46,223 Traceback (most recent call last):
2025-06-15T08:48:46.224190033Z   File "/runpod-volume/ComfyUI/nodes.py", line 2124, in load_custom_node
2025-06-15T08:48:46.224193603Z     module_spec.loader.exec_module(module)
2025-06-15T08:48:46.224196593Z   File "<frozen importlib._bootstrap_external>", line 883, in exec_module
2025-06-15T08:48:46.224199033Z   File "<frozen importlib._bootstrap>", line 241, in _call_with_frames_removed
2025-06-15T08:48:46.224201463Z   File "/runpod-volume/ComfyUI/custom_nodes/comfyui_face_parsing/__init__.py", line 42, in <module>
2025-06-15T08:48:46.224204383Z     from .face_parsing_nodes import NODE_CLASS_MAPPINGS
2025-06-15T08:48:46.224207353Z   File "/runpod-volume/ComfyUI/custom_nodes/comfyui_face_parsing/face_parsing_nodes.py", line 2, in <module>
2025-06-15T08:48:46.224209803Z     import cv2
2025-06-15T08:48:46.224212643Z   File "/usr/local/lib/python3.10/dist-packages/cv2/__init__.py", line 12, in <module>
2025-06-15T08:48:46.224215073Z     import numpy.core.multiarray
2025-06-15T08:48:46.224217953Z   File "/usr/local/lib/python3.10/dist-packages/numpy/core/multiarray.py", line 16, in <module>
2025-06-15T08:48:46.224220393Z     from ._multiarray_umath import (
2025-06-15T08:48:46.224222863Z ImportError: cannot import name 'fastCopyAndTranspose' from 'numpy.core._multiarray_umath' (/usr/local/lib/python3.10/dist-packages/numpy/core/_multiarray_umath.py)
2025-06-15T08:48:46.224228153Z Traceback (most recent call last):
2025-06-15T08:48:46.224230603Z   File "/runpod-volume/ComfyUI/nodes.py", line 2124, in load_custom_node
2025-06-15T08:48:46.224233243Z     module_spec.loader.exec_module(module)
2025-06-15T08:48:46.224235703Z   File "<frozen importlib._bootstrap_external>", line 883, in exec_module
2025-06-15T08:48:46.224238093Z   File "<frozen importlib._bootstrap>", line 241, in _call_with_frames_removed
2025-06-15T08:48:46.224240483Z   File "/runpod-volume/ComfyUI/custom_nodes/comfyui_face_parsing/__init__.py", line 42, in <module>
2025-06-15T08:48:46.224249913Z     from .face_parsing_nodes import NODE_CLASS_MAPPINGS
2025-06-15T08:48:46.224252433Z   File "/runpod-volume/ComfyUI/custom_nodes/comfyui_face_parsing/face_parsing_nodes.py", line 2, in <module>
2025-06-15T08:48:46.224254853Z     import cv2
2025-06-15T08:48:46.224257433Z   File "/usr/local/lib/python3.10/dist-packages/cv2/__init__.py", line 12, in <module>
2025-06-15T08:48:46.224260483Z     import numpy.core.multiarray
2025-06-15T08:48:46.224262893Z   File "/usr/local/lib/python3.10/dist-packages/numpy/core/multiarray.py", line 16, in <module>
2025-06-15T08:48:46.224276433Z     from ._multiarray_umath import (
2025-06-15T08:48:46.224284333Z ImportError: cannot import name 'fastCopyAndTranspose' from 'numpy.core._multiarray_umath' (/usr/local/lib/python3.10/dist-packages/numpy/core/_multiarray_umath.py)
2025-06-15T08:48:46.224290033Z nodes.py            :2146 2025-06-15 08:48:46,224 Cannot import /runpod-volume/ComfyUI/custom_nodes/comfyui_face_parsing module for custom nodes: cannot import name 'fastCopyAndTranspose' from 'numpy.core._multiarray_umath' (/usr/local/lib/python3.10/dist-packages/numpy/core/_multiarray_umath.py)
2025-06-15T08:48:46.224293143Z Cannot import /runpod-volume/ComfyUI/custom_nodes/comfyui_face_parsing module for custom nodes: cannot import name 'fastCopyAndTranspose' from 'numpy.core._multiarray_umath' (/usr/local/lib/python3.10/dist-packages/numpy/core/_multiarray_umath.py)
2025-06-15T08:48:46.227165285Z __init__.py         :13   2025-06-15 08:48:46,227 ### Loading: ComfyUI-Impact-Subpack (V1.3.2)
2025-06-15T08:48:46.227193105Z ### Loading: ComfyUI-Impact-Subpack (V1.3.2)
2025-06-15T08:48:46.241368088Z nodes.py            :2145 2025-06-15 08:48:46,241 Traceback (most recent call last):
2025-06-15T08:48:46.241415428Z   File "/runpod-volume/ComfyUI/nodes.py", line 2124, in load_custom_node
2025-06-15T08:48:46.241424928Z     module_spec.loader.exec_module(module)
2025-06-15T08:48:46.241432648Z   File "<frozen importlib._bootstrap_external>", line 883, in exec_module
2025-06-15T08:48:46.241437738Z   File "<frozen importlib._bootstrap>", line 241, in _call_with_frames_removed
2025-06-15T08:48:46.241442638Z   File "/runpod-volume/ComfyUI/custom_nodes/comfyui-impact-subpack/__init__.py", line 23, in <module>
2025-06-15T08:48:46.241447818Z     imported_module = importlib.import_module(".modules.{}".format(module_name), __name__)
2025-06-15T08:48:46.241452388Z   File "/usr/lib/python3.10/importlib/__init__.py", line 126, in import_module
2025-06-15T08:48:46.241456888Z     return _bootstrap._gcd_import(name[level:], package, level)
2025-06-15T08:48:46.241461868Z   File "<frozen importlib._bootstrap>", line 1050, in _gcd_import
2025-06-15T08:48:46.241466338Z   File "<frozen importlib._bootstrap>", line 1027, in _find_and_load
2025-06-15T08:48:46.241470828Z   File "<frozen importlib._bootstrap>", line 1006, in _find_and_load_unlocked
2025-06-15T08:48:46.241475408Z   File "<frozen importlib._bootstrap>", line 688, in _load_unlocked
2025-06-15T08:48:46.241480028Z   File "<frozen importlib._bootstrap_external>", line 883, in exec_module
2025-06-15T08:48:46.241484518Z   File "<frozen importlib._bootstrap>", line 241, in _call_with_frames_removed
2025-06-15T08:48:46.241489068Z   File "/runpod-volume/ComfyUI/custom_nodes/comfyui-impact-subpack/modules/subpack_nodes.py", line 3, in <module>
2025-06-15T08:48:46.241495468Z     from . import subcore
2025-06-15T08:48:46.241503158Z   File "/runpod-volume/ComfyUI/custom_nodes/comfyui-impact-subpack/modules/subcore.py", line 3, in <module>
2025-06-15T08:48:46.241510728Z     import cv2
2025-06-15T08:48:46.241519868Z   File "/usr/local/lib/python3.10/dist-packages/cv2/__init__.py", line 12, in <module>
2025-06-15T08:48:46.241548758Z     import numpy.core.multiarray
2025-06-15T08:48:46.241553669Z   File "/usr/local/lib/python3.10/dist-packages/numpy/core/multiarray.py", line 16, in <module>
2025-06-15T08:48:46.241558209Z     from ._multiarray_umath import (
2025-06-15T08:48:46.241563078Z ImportError: cannot import name 'fastCopyAndTranspose' from 'numpy.core._multiarray_umath' (/usr/local/lib/python3.10/dist-packages/numpy/core/_multiarray_umath.py)
2025-06-15T08:48:46.241599389Z Traceback (most recent call last):
2025-06-15T08:48:46.241609098Z   File "/runpod-volume/ComfyUI/nodes.py", line 2124, in load_custom_node
2025-06-15T08:48:46.241616318Z     module_spec.loader.exec_module(module)
2025-06-15T08:48:46.241626698Z   File "<frozen importlib._bootstrap_external>", line 883, in exec_module
2025-06-15T08:48:46.241635049Z   File "<frozen importlib._bootstrap>", line 241, in _call_with_frames_removed
2025-06-15T08:48:46.241645578Z   File "/runpod-volume/ComfyUI/custom_nodes/comfyui-impact-subpack/__init__.py", line 23, in <module>
2025-06-15T08:48:46.241657089Z     imported_module = importlib.import_module(".modules.{}".format(module_name), __name__)
2025-06-15T08:48:46.241665198Z   File "/usr/lib/python3.10/importlib/__init__.py", line 126, in import_module
2025-06-15T08:48:46.241677578Z     return _bootstrap._gcd_import(name[level:], package, level)
2025-06-15T08:48:46.241688289Z   File "<frozen importlib._bootstrap>", line 1050, in _gcd_import
2025-06-15T08:48:46.241699209Z   File "<frozen importlib._bootstrap>", line 1027, in _find_and_load
2025-06-15T08:48:46.241709329Z   File "<frozen importlib._bootstrap>", line 1006, in _find_and_load_unlocked
2025-06-15T08:48:46.241723518Z   File "<frozen importlib._bootstrap>", line 688, in _load_unlocked
2025-06-15T08:48:46.241749438Z   File "<frozen importlib._bootstrap_external>", line 883, in exec_module
2025-06-15T08:48:46.241767858Z   File "<frozen importlib._bootstrap>", line 241, in _call_with_frames_removed
2025-06-15T08:48:46.241809909Z   File "/runpod-volume/ComfyUI/custom_nodes/comfyui-impact-subpack/modules/subpack_nodes.py", line 3, in <module>
2025-06-15T08:48:46.241820079Z     from . import subcore
2025-06-15T08:48:46.241827239Z   File "/runpod-volume/ComfyUI/custom_nodes/comfyui-impact-subpack/modules/subcore.py", line 3, in <module>
2025-06-15T08:48:46.241839799Z     import cv2
2025-06-15T08:48:46.241849909Z   File "/usr/local/lib/python3.10/dist-packages/cv2/__init__.py", line 12, in <module>
2025-06-15T08:48:46.241861719Z     import numpy.core.multiarray
2025-06-15T08:48:46.241872809Z   File "/usr/local/lib/python3.10/dist-packages/numpy/core/multiarray.py", line 16, in <module>
2025-06-15T08:48:46.241880329Z     from ._multiarray_umath import (
2025-06-15T08:48:46.241891179Z ImportError: cannot import name 'fastCopyAndTranspose' from 'numpy.core._multiarray_umath' (/usr/local/lib/python3.10/dist-packages/numpy/core/_multiarray_umath.py)
2025-06-15T08:48:46.241909289Z nodes.py            :2146 2025-06-15 08:48:46,241 Cannot import /runpod-volume/ComfyUI/custom_nodes/comfyui-impact-subpack module for custom nodes: cannot import name 'fastCopyAndTranspose' from 'numpy.core._multiarray_umath' (/usr/local/lib/python3.10/dist-packages/numpy/core/_multiarray_umath.py)
2025-06-15T08:48:46.241918959Z Cannot import /runpod-volume/ComfyUI/custom_nodes/comfyui-impact-subpack module for custom nodes: cannot import name 'fastCopyAndTranspose' from 'numpy.core._multiarray_umath' (/usr/local/lib/python3.10/dist-packages/numpy/core/_multiarray_umath.py)
2025-06-15T08:48:46.445138191Z font_manager.py     :1639 2025-06-15 08:48:46,444 generated new fontManager
2025-06-15T08:48:46.445167231Z generated new fontManager
2025-06-15T08:48:46.869405160Z nodes.py            :2145 2025-06-15 08:48:46,869 Traceback (most recent call last):
2025-06-15T08:48:46.869431260Z   File "/runpod-volume/ComfyUI/nodes.py", line 2124, in load_custom_node
2025-06-15T08:48:46.869437090Z     module_spec.loader.exec_module(module)
2025-06-15T08:48:46.869441990Z   File "<frozen importlib._bootstrap_external>", line 883, in exec_module
2025-06-15T08:48:46.869446680Z   File "<frozen importlib._bootstrap>", line 241, in _call_with_frames_removed
2025-06-15T08:48:46.869451400Z   File "/runpod-volume/ComfyUI/custom_nodes/comfyui-kjnodes/__init__.py", line 7, in <module>
2025-06-15T08:48:46.869456170Z     from .nodes.mask_nodes import *
2025-06-15T08:48:46.869460800Z   File "/runpod-volume/ComfyUI/custom_nodes/comfyui-kjnodes/nodes/mask_nodes.py", line 1296, in <module>
2025-06-15T08:48:46.869465810Z     import cv2
2025-06-15T08:48:46.869480640Z   File "/usr/local/lib/python3.10/dist-packages/cv2/__init__.py", line 12, in <module>
2025-06-15T08:48:46.869485440Z     import numpy.core.multiarray
2025-06-15T08:48:46.869490050Z   File "/usr/local/lib/python3.10/dist-packages/numpy/core/multiarray.py", line 16, in <module>
2025-06-15T08:48:46.869494580Z     from ._multiarray_umath import (
2025-06-15T08:48:46.869499210Z ImportError: cannot import name 'fastCopyAndTranspose' from 'numpy.core._multiarray_umath' (/usr/local/lib/python3.10/dist-packages/numpy/core/_multiarray_umath.py)
2025-06-15T08:48:46.869508730Z Traceback (most recent call last):
2025-06-15T08:48:46.869513270Z   File "/runpod-volume/ComfyUI/nodes.py", line 2124, in load_custom_node
2025-06-15T08:48:46.869517790Z     module_spec.loader.exec_module(module)
2025-06-15T08:48:46.869522330Z   File "<frozen importlib._bootstrap_external>", line 883, in exec_module
2025-06-15T08:48:46.869526780Z   File "<frozen importlib._bootstrap>", line 241, in _call_with_frames_removed
2025-06-15T08:48:46.869531260Z   File "/runpod-volume/ComfyUI/custom_nodes/comfyui-kjnodes/__init__.py", line 7, in <module>
2025-06-15T08:48:46.869536050Z     from .nodes.mask_nodes import *
2025-06-15T08:48:46.869540680Z   File "/runpod-volume/ComfyUI/custom_nodes/comfyui-kjnodes/nodes/mask_nodes.py", line 1296, in <module>
2025-06-15T08:48:46.869545240Z     import cv2
2025-06-15T08:48:46.869549750Z   File "/usr/local/lib/python3.10/dist-packages/cv2/__init__.py", line 12, in <module>
2025-06-15T08:48:46.869557540Z     import numpy.core.multiarray
2025-06-15T08:48:46.869597980Z   File "/usr/local/lib/python3.10/dist-packages/numpy/core/multiarray.py", line 16, in <module>
2025-06-15T08:48:46.869603050Z     from ._multiarray_umath import (
2025-06-15T08:48:46.869607680Z ImportError: cannot import name 'fastCopyAndTranspose' from 'numpy.core._multiarray_umath' (/usr/local/lib/python3.10/dist-packages/numpy/core/_multiarray_umath.py)
2025-06-15T08:48:46.869623420Z nodes.py            :2146 2025-06-15 08:48:46,869 Cannot import /runpod-volume/ComfyUI/custom_nodes/comfyui-kjnodes module for custom nodes: cannot import name 'fastCopyAndTranspose' from 'numpy.core._multiarray_umath' (/usr/local/lib/python3.10/dist-packages/numpy/core/_multiarray_umath.py)
2025-06-15T08:48:46.869633980Z Cannot import /runpod-volume/ComfyUI/custom_nodes/comfyui-kjnodes module for custom nodes: cannot import name 'fastCopyAndTranspose' from 'numpy.core._multiarray_umath' (/usr/local/lib/python3.10/dist-packages/numpy/core/_multiarray_umath.py)
2025-06-15T08:48:47.153393184Z __init__.py         :45   2025-06-15 08:48:47,153 [Impact Pack] Failed to import due to several dependencies are missing!!!!
2025-06-15T08:48:47.153419704Z [Impact Pack] Failed to import due to several dependencies are missing!!!!
2025-06-15T08:48:47.155977806Z nodes.py            :2145 2025-06-15 08:48:47,155 Traceback (most recent call last):
2025-06-15T08:48:47.156013956Z   File "/runpod-volume/ComfyUI/nodes.py", line 2124, in load_custom_node
2025-06-15T08:48:47.156020286Z     module_spec.loader.exec_module(module)
2025-06-15T08:48:47.156025076Z   File "<frozen importlib._bootstrap_external>", line 883, in exec_module
2025-06-15T08:48:47.156029656Z   File "<frozen importlib._bootstrap>", line 241, in _call_with_frames_removed
2025-06-15T08:48:47.156034226Z   File "/runpod-volume/ComfyUI/custom_nodes/comfyui-impact-pack/__init__.py", line 46, in <module>
2025-06-15T08:48:47.156039306Z     raise e
2025-06-15T08:48:47.156044146Z   File "/runpod-volume/ComfyUI/custom_nodes/comfyui-impact-pack/__init__.py", line 28, in <module>
2025-06-15T08:48:47.156049006Z     import cv2
2025-06-15T08:48:47.156054296Z   File "/usr/local/lib/python3.10/dist-packages/cv2/__init__.py", line 12, in <module>
2025-06-15T08:48:47.156073586Z     import numpy.core.multiarray
2025-06-15T08:48:47.156089326Z   File "/usr/local/lib/python3.10/dist-packages/numpy/core/multiarray.py", line 16, in <module>
2025-06-15T08:48:47.156093966Z     from ._multiarray_umath import (
2025-06-15T08:48:47.156098596Z ImportError: cannot import name 'fastCopyAndTranspose' from 'numpy.core._multiarray_umath' (/usr/local/lib/python3.10/dist-packages/numpy/core/_multiarray_umath.py)
2025-06-15T08:48:47.156119886Z Traceback (most recent call last):
2025-06-15T08:48:47.156127126Z   File "/runpod-volume/ComfyUI/nodes.py", line 2124, in load_custom_node
2025-06-15T08:48:47.156143436Z     module_spec.loader.exec_module(module)
2025-06-15T08:48:47.156149836Z   File "<frozen importlib._bootstrap_external>", line 883, in exec_module
2025-06-15T08:48:47.156165726Z   File "<frozen importlib._bootstrap>", line 241, in _call_with_frames_removed
2025-06-15T08:48:47.156170426Z   File "/runpod-volume/ComfyUI/custom_nodes/comfyui-impact-pack/__init__.py", line 46, in <module>
2025-06-15T08:48:47.156177696Z     raise e
2025-06-15T08:48:47.156193416Z   File "/runpod-volume/ComfyUI/custom_nodes/comfyui-impact-pack/__init__.py", line 28, in <module>
2025-06-15T08:48:47.156199876Z     import cv2
2025-06-15T08:48:47.156212456Z   File "/usr/local/lib/python3.10/dist-packages/cv2/__init__.py", line 12, in <module>
2025-06-15T08:48:47.156223366Z     import numpy.core.multiarray
2025-06-15T08:48:47.156231246Z   File "/usr/local/lib/python3.10/dist-packages/numpy/core/multiarray.py", line 16, in <module>
2025-06-15T08:48:47.156245196Z     from ._multiarray_umath import (
2025-06-15T08:48:47.156253596Z ImportError: cannot import name 'fastCopyAndTranspose' from 'numpy.core._multiarray_umath' (/usr/local/lib/python3.10/dist-packages/numpy/core/_multiarray_umath.py)
2025-06-15T08:48:47.156278507Z nodes.py            :2146 2025-06-15 08:48:47,155 Cannot import /runpod-volume/ComfyUI/custom_nodes/comfyui-impact-pack module for custom nodes: cannot import name 'fastCopyAndTranspose' from 'numpy.core._multiarray_umath' (/usr/local/lib/python3.10/dist-packages/numpy/core/_multiarray_umath.py)
2025-06-15T08:48:47.156284396Z Cannot import /runpod-volume/ComfyUI/custom_nodes/comfyui-impact-pack module for custom nodes: cannot import name 'fastCopyAndTranspose' from 'numpy.core._multiarray_umath' (/usr/local/lib/python3.10/dist-packages/numpy/core/_multiarray_umath.py)
2025-06-15T08:48:47.221097914Z nodes.py            :2145 2025-06-15 08:48:47,220 Traceback (most recent call last):
2025-06-15T08:48:47.221125494Z   File "/runpod-volume/ComfyUI/nodes.py", line 2124, in load_custom_node
2025-06-15T08:48:47.221132184Z     module_spec.loader.exec_module(module)
2025-06-15T08:48:47.221137334Z   File "<frozen importlib._bootstrap_external>", line 883, in exec_module
2025-06-15T08:48:47.221141974Z   File "<frozen importlib._bootstrap>", line 241, in _call_with_frames_removed
2025-06-15T08:48:47.221146514Z   File "/runpod-volume/ComfyUI/custom_nodes/ComfyUI-Manager/__init__.py", line 12, in <module>
2025-06-15T08:48:47.221151145Z     import manager_server  # noqa: F401
2025-06-15T08:48:47.221155954Z   File "/runpod-volume/ComfyUI/custom_nodes/ComfyUI-Manager/glob/manager_server.py", line 13, in <module>
2025-06-15T08:48:47.221161154Z     import git
2025-06-15T08:48:47.221166174Z ModuleNotFoundError: No module named 'git'
2025-06-15T08:48:47.221187525Z Traceback (most recent call last):
2025-06-15T08:48:47.221192394Z   File "/runpod-volume/ComfyUI/nodes.py", line 2124, in load_custom_node
2025-06-15T08:48:47.221197374Z     module_spec.loader.exec_module(module)
2025-06-15T08:48:47.221203634Z   File "<frozen importlib._bootstrap_external>", line 883, in exec_module
2025-06-15T08:48:47.221213205Z   File "<frozen importlib._bootstrap>", line 241, in _call_with_frames_removed
2025-06-15T08:48:47.221222314Z   File "/runpod-volume/ComfyUI/custom_nodes/ComfyUI-Manager/__init__.py", line 12, in <module>
2025-06-15T08:48:47.221231014Z     import manager_server  # noqa: F401
2025-06-15T08:48:47.221239585Z   File "/runpod-volume/ComfyUI/custom_nodes/ComfyUI-Manager/glob/manager_server.py", line 13, in <module>
2025-06-15T08:48:47.221250674Z     import git
2025-06-15T08:48:47.221259334Z ModuleNotFoundError: No module named 'git'
2025-06-15T08:48:47.221274814Z nodes.py            :2146 2025-06-15 08:48:47,220 Cannot import /runpod-volume/ComfyUI/custom_nodes/ComfyUI-Manager module for custom nodes: No module named 'git'
2025-06-15T08:48:47.221297134Z Cannot import /runpod-volume/ComfyUI/custom_nodes/ComfyUI-Manager module for custom nodes: No module named 'git'
2025-06-15T08:48:47.223996867Z nodes.py            :2176 2025-06-15 08:48:47,223
2025-06-15T08:48:47.224010227Z Import times for custom nodes:
2025-06-15T08:48:47.224016267Z Import times for custom nodes:
2025-06-15T08:48:47.224083597Z nodes.py            :2182 2025-06-15 08:48:47,223    0.0 seconds: /runpod-volume/ComfyUI/custom_nodes/websocket_image_save.py
2025-06-15T08:48:47.224106007Z    0.0 seconds: /runpod-volume/ComfyUI/custom_nodes/websocket_image_save.py
2025-06-15T08:48:47.224112637Z nodes.py            :2182 2025-06-15 08:48:47,224    0.0 seconds: /runpod-volume/ComfyUI/custom_nodes/cg-use-everywhere
2025-06-15T08:48:47.224117737Z    0.0 seconds: /runpod-volume/ComfyUI/custom_nodes/cg-use-everywhere
2025-06-15T08:48:47.224134377Z nodes.py            :2182 2025-06-15 08:48:47,224    0.0 seconds: /runpod-volume/ComfyUI/custom_nodes/ComfyUI_AdvancedRefluxControl
2025-06-15T08:48:47.224151687Z    0.0 seconds: /runpod-volume/ComfyUI/custom_nodes/ComfyUI_AdvancedRefluxControl
2025-06-15T08:48:47.224165117Z nodes.py            :2182 2025-06-15 08:48:47,224    0.0 seconds: /runpod-volume/ComfyUI/custom_nodes/masquerade-nodes-comfyui
2025-06-15T08:48:47.224170877Z    0.0 seconds: /runpod-volume/ComfyUI/custom_nodes/masquerade-nodes-comfyui
2025-06-15T08:48:47.224248417Z nodes.py            :2182 2025-06-15 08:48:47,224    0.0 seconds: /runpod-volume/ComfyUI/custom_nodes/comfyui-get-meta
2025-06-15T08:48:47.224255527Z    0.0 seconds: /runpod-volume/ComfyUI/custom_nodes/comfyui-get-meta
2025-06-15T08:48:47.224260417Z nodes.py            :2182 2025-06-15 08:48:47,224    0.0 seconds: /runpod-volume/ComfyUI/custom_nodes/ComfyUI-Gemini_Flash_2.0_Exp
2025-06-15T08:48:47.224273467Z    0.0 seconds: /runpod-volume/ComfyUI/custom_nodes/ComfyUI-Gemini_Flash_2.0_Exp
2025-06-15T08:48:47.224294007Z nodes.py            :2182 2025-06-15 08:48:47,224    0.0 seconds: /runpod-volume/ComfyUI/custom_nodes/comfyui-inpaint-cropandstitch
2025-06-15T08:48:47.224305587Z    0.0 seconds: /runpod-volume/ComfyUI/custom_nodes/comfyui-inpaint-cropandstitch
2025-06-15T08:48:47.224349657Z nodes.py            :2182 2025-06-15 08:48:47,224    0.0 seconds (IMPORT FAILED): /runpod-volume/ComfyUI/custom_nodes/ComfyUI-Manager
2025-06-15T08:48:47.224356207Z    0.0 seconds (IMPORT FAILED): /runpod-volume/ComfyUI/custom_nodes/ComfyUI-Manager
2025-06-15T08:48:47.224390057Z nodes.py            :2182 2025-06-15 08:48:47,224    0.0 seconds (IMPORT FAILED): /runpod-volume/ComfyUI/custom_nodes/comfyui-impact-pack
2025-06-15T08:48:47.224398717Z    0.0 seconds (IMPORT FAILED): /runpod-volume/ComfyUI/custom_nodes/comfyui-impact-pack
2025-06-15T08:48:47.224430457Z nodes.py            :2182 2025-06-15 08:48:47,224    0.0 seconds: /runpod-volume/ComfyUI/custom_nodes/ComfyUI-QualityOfLifeSuit_Omar92
2025-06-15T08:48:47.224440477Z    0.0 seconds: /runpod-volume/ComfyUI/custom_nodes/ComfyUI-QualityOfLifeSuit_Omar92
2025-06-15T08:48:47.224475137Z nodes.py            :2182 2025-06-15 08:48:47,224    0.0 seconds (IMPORT FAILED): /runpod-volume/ComfyUI/custom_nodes/ComfyUI-Apt_Preset
2025-06-15T08:48:47.224481327Z    0.0 seconds (IMPORT FAILED): /runpod-volume/ComfyUI/custom_nodes/ComfyUI-Apt_Preset
2025-06-15T08:48:47.224512117Z nodes.py            :2182 2025-06-15 08:48:47,224    0.0 seconds (IMPORT FAILED): /runpod-volume/ComfyUI/custom_nodes/comfyui-impact-subpack
2025-06-15T08:48:47.224526267Z    0.0 seconds (IMPORT FAILED): /runpod-volume/ComfyUI/custom_nodes/comfyui-impact-subpack
2025-06-15T08:48:47.224559168Z nodes.py            :2182 2025-06-15 08:48:47,224    0.0 seconds (IMPORT FAILED): /runpod-volume/ComfyUI/custom_nodes/ComfyUI_LayerStyle_Advance
2025-06-15T08:48:47.224566888Z    0.0 seconds (IMPORT FAILED): /runpod-volume/ComfyUI/custom_nodes/ComfyUI_LayerStyle_Advance
2025-06-15T08:48:47.224585457Z nodes.py            :2182 2025-06-15 08:48:47,224    0.0 seconds (IMPORT FAILED): /runpod-volume/ComfyUI/custom_nodes/ComfyUI-GGUF
2025-06-15T08:48:47.224599617Z    0.0 seconds (IMPORT FAILED): /runpod-volume/ComfyUI/custom_nodes/ComfyUI-GGUF
2025-06-15T08:48:47.224633768Z nodes.py            :2182 2025-06-15 08:48:47,224    0.0 seconds (IMPORT FAILED): /runpod-volume/ComfyUI/custom_nodes/was-node-suite-comfyui
2025-06-15T08:48:47.224638917Z    0.0 seconds (IMPORT FAILED): /runpod-volume/ComfyUI/custom_nodes/was-node-suite-comfyui
2025-06-15T08:48:47.224679368Z nodes.py            :2182 2025-06-15 08:48:47,224    0.0 seconds (IMPORT FAILED): /runpod-volume/ComfyUI/custom_nodes/ComfyUI_LayerStyle
2025-06-15T08:48:47.224683697Z    0.0 seconds (IMPORT FAILED): /runpod-volume/ComfyUI/custom_nodes/ComfyUI_LayerStyle
2025-06-15T08:48:47.224710117Z nodes.py            :2182 2025-06-15 08:48:47,224    0.0 seconds: /runpod-volume/ComfyUI/custom_nodes/comfyui-various
2025-06-15T08:48:47.224727157Z    0.0 seconds: /runpod-volume/ComfyUI/custom_nodes/comfyui-various
2025-06-15T08:48:47.224772017Z nodes.py            :2182 2025-06-15 08:48:47,224    0.0 seconds: /runpod-volume/ComfyUI/custom_nodes/comfyui-rmbg
2025-06-15T08:48:47.224792568Z    0.0 seconds: /runpod-volume/ComfyUI/custom_nodes/comfyui-rmbg
2025-06-15T08:48:47.224848388Z nodes.py            :2182 2025-06-15 08:48:47,224    0.0 seconds: /runpod-volume/ComfyUI/custom_nodes/comfyui_essentials
2025-06-15T08:48:47.224851198Z    0.0 seconds: /runpod-volume/ComfyUI/custom_nodes/comfyui_essentials
2025-06-15T08:48:47.224861428Z nodes.py            :2182 2025-06-15 08:48:47,224    0.0 seconds: /runpod-volume/ComfyUI/custom_nodes/comfyui_ultimatesdupscale
2025-06-15T08:48:47.224871268Z    0.0 seconds: /runpod-volume/ComfyUI/custom_nodes/comfyui_ultimatesdupscale
2025-06-15T08:48:47.224885118Z nodes.py            :2182 2025-06-15 08:48:47,224    0.0 seconds (IMPORT FAILED): /runpod-volume/ComfyUI/custom_nodes/comfyui-kjnodes
2025-06-15T08:48:47.224892838Z    0.0 seconds (IMPORT FAILED): /runpod-volume/ComfyUI/custom_nodes/comfyui-kjnodes
2025-06-15T08:48:47.224938638Z nodes.py            :2182 2025-06-15 08:48:47,224    0.1 seconds: /runpod-volume/ComfyUI/custom_nodes/comfyui-custom-scripts
2025-06-15T08:48:47.224945958Z    0.1 seconds: /runpod-volume/ComfyUI/custom_nodes/comfyui-custom-scripts
2025-06-15T08:48:47.224959248Z nodes.py            :2182 2025-06-15 08:48:47,224    0.1 seconds: /runpod-volume/ComfyUI/custom_nodes/comfyui_slk_joy_caption_two
2025-06-15T08:48:47.224967858Z    0.1 seconds: /runpod-volume/ComfyUI/custom_nodes/comfyui_slk_joy_caption_two
2025-06-15T08:48:47.224995638Z nodes.py            :2182 2025-06-15 08:48:47,224    0.1 seconds: /runpod-volume/ComfyUI/custom_nodes/ComfyUI_Comfyroll_CustomNodes
2025-06-15T08:48:47.225007298Z    0.1 seconds: /runpod-volume/ComfyUI/custom_nodes/ComfyUI_Comfyroll_CustomNodes
2025-06-15T08:48:47.225044988Z nodes.py            :2182 2025-06-15 08:48:47,225    0.3 seconds: /runpod-volume/ComfyUI/custom_nodes/comfyui_tinyterranodes
2025-06-15T08:48:47.225053278Z    0.3 seconds: /runpod-volume/ComfyUI/custom_nodes/comfyui_tinyterranodes
2025-06-15T08:48:47.225104138Z nodes.py            :2182 2025-06-15 08:48:47,225    0.3 seconds: /runpod-volume/ComfyUI/custom_nodes/rgthree-comfy
2025-06-15T08:48:47.225117108Z    0.3 seconds: /runpod-volume/ComfyUI/custom_nodes/rgthree-comfy
2025-06-15T08:48:47.225125658Z nodes.py            :2182 2025-06-15 08:48:47,225    0.3 seconds: /runpod-volume/ComfyUI/custom_nodes/comfyui-detail-daemon
2025-06-15T08:48:47.225130718Z    0.3 seconds: /runpod-volume/ComfyUI/custom_nodes/comfyui-detail-daemon
2025-06-15T08:48:47.225200028Z nodes.py            :2182 2025-06-15 08:48:47,225    2.2 seconds: /runpod-volume/ComfyUI/custom_nodes/ComfyUI-to-Python-Extension
2025-06-15T08:48:47.225207278Z    2.2 seconds: /runpod-volume/ComfyUI/custom_nodes/ComfyUI-to-Python-Extension
2025-06-15T08:48:47.225211498Z nodes.py            :2182 2025-06-15 08:48:47,225    3.6 seconds (IMPORT FAILED): /runpod-volume/ComfyUI/custom_nodes/comfyui-easy-use
2025-06-15T08:48:47.225215168Z    3.6 seconds (IMPORT FAILED): /runpod-volume/ComfyUI/custom_nodes/comfyui-easy-use
2025-06-15T08:48:47.225226928Z nodes.py            :2182 2025-06-15 08:48:47,225    6.8 seconds (IMPORT FAILED): /runpod-volume/ComfyUI/custom_nodes/comfyui_face_parsing
2025-06-15T08:48:47.225241998Z    6.8 seconds (IMPORT FAILED): /runpod-volume/ComfyUI/custom_nodes/comfyui_face_parsing
2025-06-15T08:48:47.225279608Z nodes.py            :2182 2025-06-15 08:48:47,225   23.5 seconds: /runpod-volume/ComfyUI/custom_nodes/comfyui-logicutils
2025-06-15T08:48:47.225301128Z   23.5 seconds: /runpod-volume/ComfyUI/custom_nodes/comfyui-logicutils
2025-06-15T08:48:47.225325148Z nodes.py            :2183 2025-06-15 08:48:47,225
2025-06-15T08:48:47.802416954Z Error loading AILab_RMBG.py: cannot import name 'fastCopyAndTranspose' from 'numpy.core._multiarray_umath' (/usr/local/lib/python3.10/dist-packages/numpy/core/_multiarray_umath.py)
2025-06-15T08:48:47.802461254Z OpenCV bindings requires "numpy" package.
2025-06-15T08:48:47.802467384Z Install it via command:
2025-06-15T08:48:47.802472404Z     pip install numpy
2025-06-15T08:48:47.802477094Z Error loading AILab_ImageMaskTools.py: cannot import name 'fastCopyAndTranspose' from 'numpy.core._multiarray_umath' (/usr/local/lib/python3.10/dist-packages/numpy/core/_multiarray_umath.py)
2025-06-15T08:48:47.802482074Z OpenCV bindings requires "numpy" package.
2025-06-15T08:48:47.802486684Z Install it via command:
2025-06-15T08:48:47.802491314Z     pip install numpy
2025-06-15T08:48:47.802495934Z Error loading AILab_BiRefNet.py: cannot import name 'fastCopyAndTranspose' from 'numpy.core._multiarray_umath' (/usr/local/lib/python3.10/dist-packages/numpy/core/_multiarray_umath.py)
2025-06-15T08:48:47.802502554Z [34m[ComfyUI-RMBG][0m v[93m2.4.0[0m | [93m5 nodes[0m [92mLoaded[0m
2025-06-15T08:48:47.802546914Z Found Gemini node at lowercase path: /runpod-volume/ComfyUI/custom_nodes/ComfyUI-Gemini_Flash_2.0_Exp/nodes/gemini_flash_node.py
2025-06-15T08:48:47.802552025Z Found Audio recorder at: /runpod-volume/ComfyUI/custom_nodes/ComfyUI-Gemini_Flash_2.0_Exp/nodes/nodes_audio_recorder.py
2025-06-15T08:48:47.802556634Z Error loading /runpod-volume/ComfyUI/custom_nodes/ComfyUI-Gemini_Flash_2.0_Exp/nodes/gemini_flash_node.py: No module named 'google.generativeai'
2025-06-15T08:48:47.802561414Z Error loading /runpod-volume/ComfyUI/custom_nodes/ComfyUI-Gemini_Flash_2.0_Exp/nodes/nodes_audio_recorder.py: No module named 'sounddevice'
2025-06-15T08:48:47.802566014Z OpenCV bindings requires "numpy" package.
2025-06-15T08:48:47.802571045Z Install it via command:
2025-06-15T08:48:47.802577994Z     pip install numpy
2025-06-15T08:48:47.802589714Z OpenCV bindings requires "numpy" package.
2025-06-15T08:48:47.802596374Z Install it via command:
2025-06-15T08:48:47.802606994Z     pip install numpy
2025-06-15T08:48:47.802614014Z ------------------------------------------
2025-06-15T08:48:47.802624005Z [34mComfyroll Studio v1.76 : [92m 175 Nodes Loaded[0m
2025-06-15T08:48:47.802630114Z ------------------------------------------
2025-06-15T08:48:47.802636945Z ** For changes, please see patch notes at https://github.com/Suzie1/ComfyUI_Comfyroll_CustomNodes/blob/main/Patch_Notes.md
2025-06-15T08:48:47.802647785Z ** For help, please see the wiki at https://github.com/Suzie1/ComfyUI_Comfyroll_CustomNodes/wiki
2025-06-15T08:48:47.802655094Z ------------------------------------------
2025-06-15T08:48:47.802665425Z OpenCV bindings requires "numpy" package.
2025-06-15T08:48:47.802671945Z Install it via command:
2025-06-15T08:48:47.802682434Z     pip install numpy
2025-06-15T08:48:47.802689285Z OpenCV not installed
2025-06-15T08:48:47.802700825Z OpenCV bindings requires "numpy" package.
2025-06-15T08:48:47.802705874Z Install it via command:
2025-06-15T08:48:47.802712874Z     pip install numpy
2025-06-15T08:48:47.802730234Z [92m[rgthree-comfy] Loaded 47 exciting nodes. ðŸŽ‰[0m
2025-06-15T08:48:47.802786025Z ### Loading: ComfyUI-Impact-Pack (V8.16)
2025-06-15T08:48:47.802797015Z OpenCV bindings requires "numpy" package.
2025-06-15T08:48:47.802801585Z Install it via command:
2025-06-15T08:48:47.802806745Z     pip install numpy
2025-06-15T08:48:47.802813605Z [2025-06-15 08:48:47] Initialized custom nodes
2025-06-15T08:48:47.802824065Z [2025-06-15 08:48:47] Loading image from B2: 3XYW7936QW7G6EKG1YAH4EK930.jpeg
2025-06-15T08:48:47.802830935Z [2025-06-15 08:48:47] Created directory for B2 images: /runpod-volume/tmp/b2_images
2025-06-15T08:48:47.802855295Z [2025-06-15 08:48:47] Downloading image 3XYW7936QW7G6EKG1YAH4EK930.jpeg from B2 storage...
2025-06-15T08:48:47.802871985Z [2025-06-15 08:48:47] ERROR downloading image from B2: An error occurred (InvalidArgument) when calling the GetObject operation: Unsupported header 'x-amz-checksum-mode' received for this API call.
2025-06-15T08:48:47.802882115Z [2025-06-15 08:48:47] Traceback (most recent call last):
2025-06-15T08:48:47.802886745Z   File "/runpod-volume/ComfyUI/realism.py", line 232, in load_image_from_b2
2025-06-15T08:48:47.802893615Z     download_file_from_b2(image_id, local_path)
2025-06-15T08:48:47.802904005Z   File "/runpod-volume/ComfyUI/b2_config.py", line 78, in download_file_from_b2
2025-06-15T08:48:47.802910215Z     s3_client.download_file(bucket_name, object_name, destination_path)
2025-06-15T08:48:47.802922475Z   File "/usr/local/lib/python3.10/dist-packages/botocore/context.py", line 123, in wrapper
2025-06-15T08:48:47.802933845Z     return func(*args, **kwargs)
2025-06-15T08:48:47.802941055Z   File "/usr/local/lib/python3.10/dist-packages/boto3/s3/inject.py", line 223, in download_file
2025-06-15T08:48:47.802951555Z     return transfer.download_file(
2025-06-15T08:48:47.802958765Z   File "/usr/local/lib/python3.10/dist-packages/boto3/s3/transfer.py", line 406, in download_file
2025-06-15T08:48:47.802969035Z     future.result()
2025-06-15T08:48:47.802975445Z   File "/usr/local/lib/python3.10/dist-packages/s3transfer/futures.py", line 111, in result
2025-06-15T08:48:47.802985875Z     return self._coordinator.result()
2025-06-15T08:48:47.802990335Z   File "/usr/local/lib/python3.10/dist-packages/s3transfer/futures.py", line 287, in result
2025-06-15T08:48:47.802997045Z     raise self._exception
2025-06-15T08:48:47.803007505Z   File "/usr/local/lib/python3.10/dist-packages/s3transfer/tasks.py", line 142, in __call__
2025-06-15T08:48:47.803014395Z     return self._execute_main(kwargs)
2025-06-15T08:48:47.803024625Z   File "/usr/local/lib/python3.10/dist-packages/s3transfer/tasks.py", line 165, in _execute_main
2025-06-15T08:48:47.803031845Z     return_value = self._main(**kwargs)
2025-06-15T08:48:47.803042635Z   File "/usr/local/lib/python3.10/dist-packages/s3transfer/download.py", line 578, in _main
2025-06-15T08:48:47.803049425Z     response = client.get_object(
2025-06-15T08:48:47.803059795Z   File "/usr/local/lib/python3.10/dist-packages/botocore/client.py", line 598, in _api_call
2025-06-15T08:48:47.803066915Z     return self._make_api_call(operation_name, kwargs)
2025-06-15T08:48:47.803077835Z   File "/usr/local/lib/python3.10/dist-packages/botocore/context.py", line 123, in wrapper
2025-06-15T08:48:47.803082535Z     return func(*args, **kwargs)
2025-06-15T08:48:47.803090055Z   File "/usr/local/lib/python3.10/dist-packages/botocore/client.py", line 1061, in _make_api_call
2025-06-15T08:48:47.803102715Z     raise error_class(parsed_response, operation_name)
2025-06-15T08:48:47.803114245Z botocore.exceptions.ClientError: An error occurred (InvalidArgument) when calling the GetObject operation: Unsupported header 'x-amz-checksum-mode' received for this API call.
2025-06-15T08:48:47.803124955Z [2025-06-15 08:48:47] ERROR in runpod_handler: An error occurred (InvalidArgument) when calling the GetObject operation: Unsupported header 'x-amz-checksum-mode' received for this API call.
2025-06-15T08:48:47.803131955Z [2025-06-15 08:48:47] Traceback (most recent call last):
2025-06-15T08:48:47.803144015Z   File "/runpod-volume/ComfyUI/realism.py", line 325, in runpod_handler
2025-06-15T08:48:47.803150905Z     output_files = main(image_id, **params)
2025-06-15T08:48:47.803163195Z   File "/runpod-volume/ComfyUI/realism.py", line 376, in main
2025-06-15T08:48:47.803174035Z     image_path = load_image_from_b2(image_id)
2025-06-15T08:48:47.803180425Z   File "/runpod-volume/ComfyUI/realism.py", line 232, in load_image_from_b2
2025-06-15T08:48:47.803193315Z     download_file_from_b2(image_id, local_path)
2025-06-15T08:48:47.803204085Z   File "/runpod-volume/ComfyUI/b2_config.py", line 78, in download_file_from_b2
2025-06-15T08:48:47.803213295Z     s3_client.download_file(bucket_name, object_name, destination_path)
2025-06-15T08:48:47.803234615Z   File "/usr/local/lib/python3.10/dist-packages/botocore/context.py", line 123, in wrapper
2025-06-15T08:48:47.803250325Z     return func(*args, **kwargs)
2025-06-15T08:48:47.803260935Z   File "/usr/local/lib/python3.10/dist-packages/boto3/s3/inject.py", line 223, in download_file
2025-06-15T08:48:47.803265455Z     return transfer.download_file(
2025-06-15T08:48:47.803272465Z   File "/usr/local/lib/python3.10/dist-packages/boto3/s3/transfer.py", line 406, in download_file
2025-06-15T08:48:47.803283345Z     future.result()
2025-06-15T08:48:47.803289925Z   File "/usr/local/lib/python3.10/dist-packages/s3transfer/futures.py", line 111, in result
2025-06-15T08:48:47.803302335Z     return self._coordinator.result()
2025-06-15T08:48:47.803313215Z   File "/usr/local/lib/python3.10/dist-packages/s3transfer/futures.py", line 287, in result
2025-06-15T08:48:47.803321315Z     raise self._exception
2025-06-15T08:48:47.803332165Z   File "/usr/local/lib/python3.10/dist-packages/s3transfer/tasks.py", line 142, in __call__
2025-06-15T08:48:47.803339435Z     return self._execute_main(kwargs)
2025-06-15T08:48:47.803346655Z   File "/usr/local/lib/python3.10/dist-packages/s3transfer/tasks.py", line 165, in _execute_main
2025-06-15T08:48:47.803358375Z     return_value = self._main(**kwargs)
2025-06-15T08:48:47.803369295Z   File "/usr/local/lib/python3.10/dist-packages/s3transfer/download.py", line 578, in _main
2025-06-15T08:48:47.803375775Z     response = client.get_object(
2025-06-15T08:48:47.803386055Z   File "/usr/local/lib/python3.10/dist-packages/botocore/client.py", line 598, in _api_call
2025-06-15T08:48:47.803393545Z     return self._make_api_call(operation_name, kwargs)
2025-06-15T08:48:47.803403945Z   File "/usr/local/lib/python3.10/dist-packages/botocore/context.py", line 123, in wrapper
2025-06-15T08:48:47.803411585Z     return func(*args, **kwargs)
2025-06-15T08:48:47.803421715Z   File "/usr/local/lib/python3.10/dist-packages/botocore/client.py", line 1061, in _make_api_call
2025-06-15T08:48:47.803428265Z     raise error_class(parsed_response, operation_name)
2025-06-15T08:48:47.803439685Z botocore.exceptions.ClientError: An error occurred (InvalidArgument) when calling the GetObject operation: Unsupported header 'x-amz-checksum-mode' received for this API call.
2025-06-15T08:48:47.803456825Z {"requestId": "cb238fad-e11d-4d17-a961-63903b82b43f-e1", "message": "Finished.", "level": "INFO"}